Results will be saved in results/world_trade_1995_20240722154611
Command line input: python seal_link_pred.py --dataset world_trade_1995 --fast_split --num_hops 1 --use_feature --eval_steps 1 --runs 3 --epochs 10 --dynamic_train --dynamic_val --dynamic_test --train_percent 2 --val_percent 1 --test_percent 1 --use_dl
 is saved.
Data found, skipping download...
Path /grphome/grp_supplychainai/nobackup/archive/world_trade_seal_h1_drnl_rph10
Z torch.Size([47])
Z type <class 'torch.Tensor'>
dl torch.Size([47])
dl type <class 'torch.Tensor'>
Total number of parameters is 88770
SortPooling k is set to 33
  0%|                                           | 0/1 [00:00<?, ?it/s]  0%|                                           | 0/1 [00:01<?, ?it/s]
dl torch.Size([868])
dl type <class 'torch.Tensor'>
dldtype torch.int64
dl device cuda:0
x device cuda:0
dl_emb device cuda:0
Z torch.Size([868, 32])
Z type <class 'torch.Tensor'>
dl torch.Size([868, 32])
dl type <class 'torch.Tensor'>
dtype torch.float32
zdtype torch.float32
x torch.Size([868, 32])
x type <class 'torch.Tensor'>
xdtype torch.float32
Traceback (most recent call last):
  File "seal_link_pred.py", line 1323, in <module>
    loss = train()
  File "seal_link_pred.py", line 511, in train
    logits = model(data.z, data.edge_index, data.batch, dl, x, edge_weight, node_id)
  File "/grphome/grp_supplychainai/.conda/envs/sealenv/lib/python3.8/site-packages/torch/nn/modules/module.py", line 1532, in _wrapped_call_impl
    return self._call_impl(*args, **kwargs)
  File "/grphome/grp_supplychainai/.conda/envs/sealenv/lib/python3.8/site-packages/torch/nn/modules/module.py", line 1541, in _call_impl
    return forward_call(*args, **kwargs)
  File "/grphome/grp_supplychainai/SEAL_OGB/models.py", line 230, in forward
    x = torch.cat([dl_emb, x.to(torch.float)], 1)
RuntimeError: CUDA error: device-side assert triggered
CUDA kernel errors might be asynchronously reported at some other API call, so the stacktrace below might be incorrect.
For debugging consider passing CUDA_LAUNCH_BLOCKING=1.
Compile with `TORCH_USE_CUDA_DSA` to enable device-side assertions.

