Results will be saved in results/world_trade_1995_20240723143045
Command line input: python seal_link_pred.py --dataset world_trade_1995 --fast_split --num_hops 1 --use_feature --eval_steps 1 --runs 3 --epochs 10 --dynamic_train --dynamic_val --dynamic_test --train_percent 2 --val_percent 1 --test_percent 1 --use_dl
 is saved.
Data found, skipping download...
Path /grphome/grp_supplychainai/nobackup/archive/world_trade_seal_h1_drnl_rph10
Total number of parameters is 72386
SortPooling k is set to 24
  0%|                                           | 0/1 [00:00<?, ?it/s]/opt/conda/conda-bld/pytorch_1712608843393/work/aten/src/ATen/native/cuda/Indexing.cu:1289: indexSelectLargeIndex: block: [124,0,0], thread: [64,0,0] Assertion `srcIndex < srcSelectDimSize` failed.
/opt/conda/conda-bld/pytorch_1712608843393/work/aten/src/ATen/native/cuda/Indexing.cu:1289: indexSelectLargeIndex: block: [124,0,0], thread: [65,0,0] Assertion `srcIndex < srcSelectDimSize` failed.
/opt/conda/conda-bld/pytorch_1712608843393/work/aten/src/ATen/native/cuda/Indexing.cu:1289: indexSelectLargeIndex: block: [124,0,0], thread: [66,0,0] Assertion `srcIndex < srcSelectDimSize` failed.
/opt/conda/conda-bld/pytorch_1712608843393/work/aten/src/ATen/native/cuda/Indexing.cu:1289: indexSelectLargeIndex: block: [124,0,0], thread: [67,0,0] Assertion `srcIndex < srcSelectDimSize` failed.
/opt/conda/conda-bld/pytorch_1712608843393/work/aten/src/ATen/native/cuda/Indexing.cu:1289: indexSelectLargeIndex: block: [124,0,0], thread: [68,0,0] Assertion `srcIndex < srcSelectDimSize` failed.
/opt/conda/conda-bld/pytorch_1712608843393/work/aten/src/ATen/native/cuda/Indexing.cu:1289: indexSelectLargeIndex: block: [124,0,0], thread: [69,0,0] Assertion `srcIndex < srcSelectDimSize` failed.
/opt/conda/conda-bld/pytorch_1712608843393/work/aten/src/ATen/native/cuda/Indexing.cu:1289: indexSelectLargeIndex: block: [124,0,0], thread: [70,0,0] Assertion `srcIndex < srcSelectDimSize` failed.
/opt/conda/conda-bld/pytorch_1712608843393/work/aten/src/ATen/native/cuda/Indexing.cu:1289: indexSelectLargeIndex: block: [124,0,0], thread: [71,0,0] Assertion `srcIndex < srcSelectDimSize` failed.
/opt/conda/conda-bld/pytorch_1712608843393/work/aten/src/ATen/native/cuda/Indexing.cu:1289: indexSelectLargeIndex: block: [124,0,0], thread: [72,0,0] Assertion `srcIndex < srcSelectDimSize` failed.
/opt/conda/conda-bld/pytorch_1712608843393/work/aten/src/ATen/native/cuda/Indexing.cu:1289: indexSelectLargeIndex: block: [124,0,0], thread: [73,0,0] Assertion `srcIndex < srcSelectDimSize` failed.
/opt/conda/conda-bld/pytorch_1712608843393/work/aten/src/ATen/native/cuda/Indexing.cu:1289: indexSelectLargeIndex: block: [124,0,0], thread: [74,0,0] Assertion `srcIndex < srcSelectDimSize` failed.
/opt/conda/conda-bld/pytorch_1712608843393/work/aten/src/ATen/native/cuda/Indexing.cu:1289: indexSelectLargeIndex: block: [124,0,0], thread: [75,0,0] Assertion `srcIndex < srcSelectDimSize` failed.
/opt/conda/conda-bld/pytorch_1712608843393/work/aten/src/ATen/native/cuda/Indexing.cu:1289: indexSelectLargeIndex: block: [124,0,0], thread: [76,0,0] Assertion `srcIndex < srcSelectDimSize` failed.
/opt/conda/conda-bld/pytorch_1712608843393/work/aten/src/ATen/native/cuda/Indexing.cu:1289: indexSelectLargeIndex: block: [124,0,0], thread: [77,0,0] Assertion `srcIndex < srcSelectDimSize` failed.
/opt/conda/conda-bld/pytorch_1712608843393/work/aten/src/ATen/native/cuda/Indexing.cu:1289: indexSelectLargeIndex: block: [124,0,0], thread: [78,0,0] Assertion `srcIndex < srcSelectDimSize` failed.
/opt/conda/conda-bld/pytorch_1712608843393/work/aten/src/ATen/native/cuda/Indexing.cu:1289: indexSelectLargeIndex: block: [124,0,0], thread: [79,0,0] Assertion `srcIndex < srcSelectDimSize` failed.
/opt/conda/conda-bld/pytorch_1712608843393/work/aten/src/ATen/native/cuda/Indexing.cu:1289: indexSelectLargeIndex: block: [124,0,0], thread: [80,0,0] Assertion `srcIndex < srcSelectDimSize` failed.
/opt/conda/conda-bld/pytorch_1712608843393/work/aten/src/ATen/native/cuda/Indexing.cu:1289: indexSelectLargeIndex: block: [124,0,0], thread: [81,0,0] Assertion `srcIndex < srcSelectDimSize` failed.
/opt/conda/conda-bld/pytorch_1712608843393/work/aten/src/ATen/native/cuda/Indexing.cu:1289: indexSelectLargeIndex: block: [124,0,0], thread: [82,0,0] Assertion `srcIndex < srcSelectDimSize` failed.
/opt/conda/conda-bld/pytorch_1712608843393/work/aten/src/ATen/native/cuda/Indexing.cu:1289: indexSelectLargeIndex: block: [124,0,0], thread: [83,0,0] Assertion `srcIndex < srcSelectDimSize` failed.
/opt/conda/conda-bld/pytorch_1712608843393/work/aten/src/ATen/native/cuda/Indexing.cu:1289: indexSelectLargeIndex: block: [124,0,0], thread: [84,0,0] Assertion `srcIndex < srcSelectDimSize` failed.
/opt/conda/conda-bld/pytorch_1712608843393/work/aten/src/ATen/native/cuda/Indexing.cu:1289: indexSelectLargeIndex: block: [124,0,0], thread: [85,0,0] Assertion `srcIndex < srcSelectDimSize` failed.
/opt/conda/conda-bld/pytorch_1712608843393/work/aten/src/ATen/native/cuda/Indexing.cu:1289: indexSelectLargeIndex: block: [124,0,0], thread: [86,0,0] Assertion `srcIndex < srcSelectDimSize` failed.
/opt/conda/conda-bld/pytorch_1712608843393/work/aten/src/ATen/native/cuda/Indexing.cu:1289: indexSelectLargeIndex: block: [124,0,0], thread: [87,0,0] Assertion `srcIndex < srcSelectDimSize` failed.
/opt/conda/conda-bld/pytorch_1712608843393/work/aten/src/ATen/native/cuda/Indexing.cu:1289: indexSelectLargeIndex: block: [124,0,0], thread: [88,0,0] Assertion `srcIndex < srcSelectDimSize` failed.
/opt/conda/conda-bld/pytorch_1712608843393/work/aten/src/ATen/native/cuda/Indexing.cu:1289: indexSelectLargeIndex: block: [124,0,0], thread: [89,0,0] Assertion `srcIndex < srcSelectDimSize` failed.
/opt/conda/conda-bld/pytorch_1712608843393/work/aten/src/ATen/native/cuda/Indexing.cu:1289: indexSelectLargeIndex: block: [124,0,0], thread: [90,0,0] Assertion `srcIndex < srcSelectDimSize` failed.
/opt/conda/conda-bld/pytorch_1712608843393/work/aten/src/ATen/native/cuda/Indexing.cu:1289: indexSelectLargeIndex: block: [124,0,0], thread: [91,0,0] Assertion `srcIndex < srcSelectDimSize` failed.
/opt/conda/conda-bld/pytorch_1712608843393/work/aten/src/ATen/native/cuda/Indexing.cu:1289: indexSelectLargeIndex: block: [124,0,0], thread: [92,0,0] Assertion `srcIndex < srcSelectDimSize` failed.
/opt/conda/conda-bld/pytorch_1712608843393/work/aten/src/ATen/native/cuda/Indexing.cu:1289: indexSelectLargeIndex: block: [124,0,0], thread: [93,0,0] Assertion `srcIndex < srcSelectDimSize` failed.
/opt/conda/conda-bld/pytorch_1712608843393/work/aten/src/ATen/native/cuda/Indexing.cu:1289: indexSelectLargeIndex: block: [124,0,0], thread: [94,0,0] Assertion `srcIndex < srcSelectDimSize` failed.
/opt/conda/conda-bld/pytorch_1712608843393/work/aten/src/ATen/native/cuda/Indexing.cu:1289: indexSelectLargeIndex: block: [124,0,0], thread: [95,0,0] Assertion `srcIndex < srcSelectDimSize` failed.
/opt/conda/conda-bld/pytorch_1712608843393/work/aten/src/ATen/native/cuda/Indexing.cu:1289: indexSelectLargeIndex: block: [158,0,0], thread: [64,0,0] Assertion `srcIndex < srcSelectDimSize` failed.
/opt/conda/conda-bld/pytorch_1712608843393/work/aten/src/ATen/native/cuda/Indexing.cu:1289: indexSelectLargeIndex: block: [158,0,0], thread: [65,0,0] Assertion `srcIndex < srcSelectDimSize` failed.
/opt/conda/conda-bld/pytorch_1712608843393/work/aten/src/ATen/native/cuda/Indexing.cu:1289: indexSelectLargeIndex: block: [158,0,0], thread: [66,0,0] Assertion `srcIndex < srcSelectDimSize` failed.
/opt/conda/conda-bld/pytorch_1712608843393/work/aten/src/ATen/native/cuda/Indexing.cu:1289: indexSelectLargeIndex: block: [158,0,0], thread: [67,0,0] Assertion `srcIndex < srcSelectDimSize` failed.
/opt/conda/conda-bld/pytorch_1712608843393/work/aten/src/ATen/native/cuda/Indexing.cu:1289: indexSelectLargeIndex: block: [158,0,0], thread: [68,0,0] Assertion `srcIndex < srcSelectDimSize` failed.
/opt/conda/conda-bld/pytorch_1712608843393/work/aten/src/ATen/native/cuda/Indexing.cu:1289: indexSelectLargeIndex: block: [158,0,0], thread: [69,0,0] Assertion `srcIndex < srcSelectDimSize` failed.
/opt/conda/conda-bld/pytorch_1712608843393/work/aten/src/ATen/native/cuda/Indexing.cu:1289: indexSelectLargeIndex: block: [158,0,0], thread: [70,0,0] Assertion `srcIndex < srcSelectDimSize` failed.
/opt/conda/conda-bld/pytorch_1712608843393/work/aten/src/ATen/native/cuda/Indexing.cu:1289: indexSelectLargeIndex: block: [158,0,0], thread: [71,0,0] Assertion `srcIndex < srcSelectDimSize` failed.
/opt/conda/conda-bld/pytorch_1712608843393/work/aten/src/ATen/native/cuda/Indexing.cu:1289: indexSelectLargeIndex: block: [158,0,0], thread: [72,0,0] Assertion `srcIndex < srcSelectDimSize` failed.
/opt/conda/conda-bld/pytorch_1712608843393/work/aten/src/ATen/native/cuda/Indexing.cu:1289: indexSelectLargeIndex: block: [158,0,0], thread: [73,0,0] Assertion `srcIndex < srcSelectDimSize` failed.
/opt/conda/conda-bld/pytorch_1712608843393/work/aten/src/ATen/native/cuda/Indexing.cu:1289: indexSelectLargeIndex: block: [158,0,0], thread: [74,0,0] Assertion `srcIndex < srcSelectDimSize` failed.
/opt/conda/conda-bld/pytorch_1712608843393/work/aten/src/ATen/native/cuda/Indexing.cu:1289: indexSelectLargeIndex: block: [158,0,0], thread: [75,0,0] Assertion `srcIndex < srcSelectDimSize` failed.
/opt/conda/conda-bld/pytorch_1712608843393/work/aten/src/ATen/native/cuda/Indexing.cu:1289: indexSelectLargeIndex: block: [158,0,0], thread: [76,0,0] Assertion `srcIndex < srcSelectDimSize` failed.
/opt/conda/conda-bld/pytorch_1712608843393/work/aten/src/ATen/native/cuda/Indexing.cu:1289: indexSelectLargeIndex: block: [158,0,0], thread: [77,0,0] Assertion `srcIndex < srcSelectDimSize` failed.
/opt/conda/conda-bld/pytorch_1712608843393/work/aten/src/ATen/native/cuda/Indexing.cu:1289: indexSelectLargeIndex: block: [158,0,0], thread: [78,0,0] Assertion `srcIndex < srcSelectDimSize` failed.
/opt/conda/conda-bld/pytorch_1712608843393/work/aten/src/ATen/native/cuda/Indexing.cu:1289: indexSelectLargeIndex: block: [158,0,0], thread: [79,0,0] Assertion `srcIndex < srcSelectDimSize` failed.
/opt/conda/conda-bld/pytorch_1712608843393/work/aten/src/ATen/native/cuda/Indexing.cu:1289: indexSelectLargeIndex: block: [158,0,0], thread: [80,0,0] Assertion `srcIndex < srcSelectDimSize` failed.
/opt/conda/conda-bld/pytorch_1712608843393/work/aten/src/ATen/native/cuda/Indexing.cu:1289: indexSelectLargeIndex: block: [158,0,0], thread: [81,0,0] Assertion `srcIndex < srcSelectDimSize` failed.
/opt/conda/conda-bld/pytorch_1712608843393/work/aten/src/ATen/native/cuda/Indexing.cu:1289: indexSelectLargeIndex: block: [158,0,0], thread: [82,0,0] Assertion `srcIndex < srcSelectDimSize` failed.
/opt/conda/conda-bld/pytorch_1712608843393/work/aten/src/ATen/native/cuda/Indexing.cu:1289: indexSelectLargeIndex: block: [158,0,0], thread: [83,0,0] Assertion `srcIndex < srcSelectDimSize` failed.
/opt/conda/conda-bld/pytorch_1712608843393/work/aten/src/ATen/native/cuda/Indexing.cu:1289: indexSelectLargeIndex: block: [158,0,0], thread: [84,0,0] Assertion `srcIndex < srcSelectDimSize` failed.
/opt/conda/conda-bld/pytorch_1712608843393/work/aten/src/ATen/native/cuda/Indexing.cu:1289: indexSelectLargeIndex: block: [158,0,0], thread: [85,0,0] Assertion `srcIndex < srcSelectDimSize` failed.
/opt/conda/conda-bld/pytorch_1712608843393/work/aten/src/ATen/native/cuda/Indexing.cu:1289: indexSelectLargeIndex: block: [158,0,0], thread: [86,0,0] Assertion `srcIndex < srcSelectDimSize` failed.
/opt/conda/conda-bld/pytorch_1712608843393/work/aten/src/ATen/native/cuda/Indexing.cu:1289: indexSelectLargeIndex: block: [158,0,0], thread: [87,0,0] Assertion `srcIndex < srcSelectDimSize` failed.
/opt/conda/conda-bld/pytorch_1712608843393/work/aten/src/ATen/native/cuda/Indexing.cu:1289: indexSelectLargeIndex: block: [158,0,0], thread: [88,0,0] Assertion `srcIndex < srcSelectDimSize` failed.
/opt/conda/conda-bld/pytorch_1712608843393/work/aten/src/ATen/native/cuda/Indexing.cu:1289: indexSelectLargeIndex: block: [158,0,0], thread: [89,0,0] Assertion `srcIndex < srcSelectDimSize` failed.
/opt/conda/conda-bld/pytorch_1712608843393/work/aten/src/ATen/native/cuda/Indexing.cu:1289: indexSelectLargeIndex: block: [158,0,0], thread: [90,0,0] Assertion `srcIndex < srcSelectDimSize` failed.
/opt/conda/conda-bld/pytorch_1712608843393/work/aten/src/ATen/native/cuda/Indexing.cu:1289: indexSelectLargeIndex: block: [158,0,0], thread: [91,0,0] Assertion `srcIndex < srcSelectDimSize` failed.
/opt/conda/conda-bld/pytorch_1712608843393/work/aten/src/ATen/native/cuda/Indexing.cu:1289: indexSelectLargeIndex: block: [158,0,0], thread: [92,0,0] Assertion `srcIndex < srcSelectDimSize` failed.
/opt/conda/conda-bld/pytorch_1712608843393/work/aten/src/ATen/native/cuda/Indexing.cu:1289: indexSelectLargeIndex: block: [158,0,0], thread: [93,0,0] Assertion `srcIndex < srcSelectDimSize` failed.
/opt/conda/conda-bld/pytorch_1712608843393/work/aten/src/ATen/native/cuda/Indexing.cu:1289: indexSelectLargeIndex: block: [158,0,0], thread: [94,0,0] Assertion `srcIndex < srcSelectDimSize` failed.
/opt/conda/conda-bld/pytorch_1712608843393/work/aten/src/ATen/native/cuda/Indexing.cu:1289: indexSelectLargeIndex: block: [158,0,0], thread: [95,0,0] Assertion `srcIndex < srcSelectDimSize` failed.
/opt/conda/conda-bld/pytorch_1712608843393/work/aten/src/ATen/native/cuda/Indexing.cu:1289: indexSelectLargeIndex: block: [162,0,0], thread: [0,0,0] Assertion `srcIndex < srcSelectDimSize` failed.
/opt/conda/conda-bld/pytorch_1712608843393/work/aten/src/ATen/native/cuda/Indexing.cu:1289: indexSelectLargeIndex: block: [162,0,0], thread: [1,0,0] Assertion `srcIndex < srcSelectDimSize` failed.
/opt/conda/conda-bld/pytorch_1712608843393/work/aten/src/ATen/native/cuda/Indexing.cu:1289: indexSelectLargeIndex: block: [162,0,0], thread: [2,0,0] Assertion `srcIndex < srcSelectDimSize` failed.
/opt/conda/conda-bld/pytorch_1712608843393/work/aten/src/ATen/native/cuda/Indexing.cu:1289: indexSelectLargeIndex: block: [162,0,0], thread: [3,0,0] Assertion `srcIndex < srcSelectDimSize` failed.
/opt/conda/conda-bld/pytorch_1712608843393/work/aten/src/ATen/native/cuda/Indexing.cu:1289: indexSelectLargeIndex: block: [162,0,0], thread: [4,0,0] Assertion `srcIndex < srcSelectDimSize` failed.
/opt/conda/conda-bld/pytorch_1712608843393/work/aten/src/ATen/native/cuda/Indexing.cu:1289: indexSelectLargeIndex: block: [162,0,0], thread: [5,0,0] Assertion `srcIndex < srcSelectDimSize` failed.
/opt/conda/conda-bld/pytorch_1712608843393/work/aten/src/ATen/native/cuda/Indexing.cu:1289: indexSelectLargeIndex: block: [162,0,0], thread: [6,0,0] Assertion `srcIndex < srcSelectDimSize` failed.
/opt/conda/conda-bld/pytorch_1712608843393/work/aten/src/ATen/native/cuda/Indexing.cu:1289: indexSelectLargeIndex: block: [162,0,0], thread: [7,0,0] Assertion `srcIndex < srcSelectDimSize` failed.
/opt/conda/conda-bld/pytorch_1712608843393/work/aten/src/ATen/native/cuda/Indexing.cu:1289: indexSelectLargeIndex: block: [162,0,0], thread: [8,0,0] Assertion `srcIndex < srcSelectDimSize` failed.
/opt/conda/conda-bld/pytorch_1712608843393/work/aten/src/ATen/native/cuda/Indexing.cu:1289: indexSelectLargeIndex: block: [162,0,0], thread: [9,0,0] Assertion `srcIndex < srcSelectDimSize` failed.
/opt/conda/conda-bld/pytorch_1712608843393/work/aten/src/ATen/native/cuda/Indexing.cu:1289: indexSelectLargeIndex: block: [162,0,0], thread: [10,0,0] Assertion `srcIndex < srcSelectDimSize` failed.
/opt/conda/conda-bld/pytorch_1712608843393/work/aten/src/ATen/native/cuda/Indexing.cu:1289: indexSelectLargeIndex: block: [162,0,0], thread: [11,0,0] Assertion `srcIndex < srcSelectDimSize` failed.
/opt/conda/conda-bld/pytorch_1712608843393/work/aten/src/ATen/native/cuda/Indexing.cu:1289: indexSelectLargeIndex: block: [162,0,0], thread: [12,0,0] Assertion `srcIndex < srcSelectDimSize` failed.
/opt/conda/conda-bld/pytorch_1712608843393/work/aten/src/ATen/native/cuda/Indexing.cu:1289: indexSelectLargeIndex: block: [162,0,0], thread: [13,0,0] Assertion `srcIndex < srcSelectDimSize` failed.
/opt/conda/conda-bld/pytorch_1712608843393/work/aten/src/ATen/native/cuda/Indexing.cu:1289: indexSelectLargeIndex: block: [162,0,0], thread: [14,0,0] Assertion `srcIndex < srcSelectDimSize` failed.
/opt/conda/conda-bld/pytorch_1712608843393/work/aten/src/ATen/native/cuda/Indexing.cu:1289: indexSelectLargeIndex: block: [162,0,0], thread: [15,0,0] Assertion `srcIndex < srcSelectDimSize` failed.
/opt/conda/conda-bld/pytorch_1712608843393/work/aten/src/ATen/native/cuda/Indexing.cu:1289: indexSelectLargeIndex: block: [162,0,0], thread: [16,0,0] Assertion `srcIndex < srcSelectDimSize` failed.
/opt/conda/conda-bld/pytorch_1712608843393/work/aten/src/ATen/native/cuda/Indexing.cu:1289: indexSelectLargeIndex: block: [162,0,0], thread: [17,0,0] Assertion `srcIndex < srcSelectDimSize` failed.
/opt/conda/conda-bld/pytorch_1712608843393/work/aten/src/ATen/native/cuda/Indexing.cu:1289: indexSelectLargeIndex: block: [162,0,0], thread: [18,0,0] Assertion `srcIndex < srcSelectDimSize` failed.
/opt/conda/conda-bld/pytorch_1712608843393/work/aten/src/ATen/native/cuda/Indexing.cu:1289: indexSelectLargeIndex: block: [162,0,0], thread: [19,0,0] Assertion `srcIndex < srcSelectDimSize` failed.
/opt/conda/conda-bld/pytorch_1712608843393/work/aten/src/ATen/native/cuda/Indexing.cu:1289: indexSelectLargeIndex: block: [162,0,0], thread: [20,0,0] Assertion `srcIndex < srcSelectDimSize` failed.
/opt/conda/conda-bld/pytorch_1712608843393/work/aten/src/ATen/native/cuda/Indexing.cu:1289: indexSelectLargeIndex: block: [162,0,0], thread: [21,0,0] Assertion `srcIndex < srcSelectDimSize` failed.
/opt/conda/conda-bld/pytorch_1712608843393/work/aten/src/ATen/native/cuda/Indexing.cu:1289: indexSelectLargeIndex: block: [162,0,0], thread: [22,0,0] Assertion `srcIndex < srcSelectDimSize` failed.
/opt/conda/conda-bld/pytorch_1712608843393/work/aten/src/ATen/native/cuda/Indexing.cu:1289: indexSelectLargeIndex: block: [162,0,0], thread: [23,0,0] Assertion `srcIndex < srcSelectDimSize` failed.
/opt/conda/conda-bld/pytorch_1712608843393/work/aten/src/ATen/native/cuda/Indexing.cu:1289: indexSelectLargeIndex: block: [162,0,0], thread: [24,0,0] Assertion `srcIndex < srcSelectDimSize` failed.
/opt/conda/conda-bld/pytorch_1712608843393/work/aten/src/ATen/native/cuda/Indexing.cu:1289: indexSelectLargeIndex: block: [162,0,0], thread: [25,0,0] Assertion `srcIndex < srcSelectDimSize` failed.
/opt/conda/conda-bld/pytorch_1712608843393/work/aten/src/ATen/native/cuda/Indexing.cu:1289: indexSelectLargeIndex: block: [162,0,0], thread: [26,0,0] Assertion `srcIndex < srcSelectDimSize` failed.
/opt/conda/conda-bld/pytorch_1712608843393/work/aten/src/ATen/native/cuda/Indexing.cu:1289: indexSelectLargeIndex: block: [162,0,0], thread: [27,0,0] Assertion `srcIndex < srcSelectDimSize` failed.
/opt/conda/conda-bld/pytorch_1712608843393/work/aten/src/ATen/native/cuda/Indexing.cu:1289: indexSelectLargeIndex: block: [162,0,0], thread: [28,0,0] Assertion `srcIndex < srcSelectDimSize` failed.
/opt/conda/conda-bld/pytorch_1712608843393/work/aten/src/ATen/native/cuda/Indexing.cu:1289: indexSelectLargeIndex: block: [162,0,0], thread: [29,0,0] Assertion `srcIndex < srcSelectDimSize` failed.
/opt/conda/conda-bld/pytorch_1712608843393/work/aten/src/ATen/native/cuda/Indexing.cu:1289: indexSelectLargeIndex: block: [162,0,0], thread: [30,0,0] Assertion `srcIndex < srcSelectDimSize` failed.
/opt/conda/conda-bld/pytorch_1712608843393/work/aten/src/ATen/native/cuda/Indexing.cu:1289: indexSelectLargeIndex: block: [162,0,0], thread: [31,0,0] Assertion `srcIndex < srcSelectDimSize` failed.
/opt/conda/conda-bld/pytorch_1712608843393/work/aten/src/ATen/native/cuda/Indexing.cu:1289: indexSelectLargeIndex: block: [95,0,0], thread: [96,0,0] Assertion `srcIndex < srcSelectDimSize` failed.
/opt/conda/conda-bld/pytorch_1712608843393/work/aten/src/ATen/native/cuda/Indexing.cu:1289: indexSelectLargeIndex: block: [95,0,0], thread: [97,0,0] Assertion `srcIndex < srcSelectDimSize` failed.
/opt/conda/conda-bld/pytorch_1712608843393/work/aten/src/ATen/native/cuda/Indexing.cu:1289: indexSelectLargeIndex: block: [95,0,0], thread: [98,0,0] Assertion `srcIndex < srcSelectDimSize` failed.
/opt/conda/conda-bld/pytorch_1712608843393/work/aten/src/ATen/native/cuda/Indexing.cu:1289: indexSelectLargeIndex: block: [95,0,0], thread: [99,0,0] Assertion `srcIndex < srcSelectDimSize` failed.
/opt/conda/conda-bld/pytorch_1712608843393/work/aten/src/ATen/native/cuda/Indexing.cu:1289: indexSelectLargeIndex: block: [95,0,0], thread: [100,0,0] Assertion `srcIndex < srcSelectDimSize` failed.
/opt/conda/conda-bld/pytorch_1712608843393/work/aten/src/ATen/native/cuda/Indexing.cu:1289: indexSelectLargeIndex: block: [95,0,0], thread: [101,0,0] Assertion `srcIndex < srcSelectDimSize` failed.
/opt/conda/conda-bld/pytorch_1712608843393/work/aten/src/ATen/native/cuda/Indexing.cu:1289: indexSelectLargeIndex: block: [95,0,0], thread: [102,0,0] Assertion `srcIndex < srcSelectDimSize` failed.
/opt/conda/conda-bld/pytorch_1712608843393/work/aten/src/ATen/native/cuda/Indexing.cu:1289: indexSelectLargeIndex: block: [95,0,0], thread: [103,0,0] Assertion `srcIndex < srcSelectDimSize` failed.
/opt/conda/conda-bld/pytorch_1712608843393/work/aten/src/ATen/native/cuda/Indexing.cu:1289: indexSelectLargeIndex: block: [95,0,0], thread: [104,0,0] Assertion `srcIndex < srcSelectDimSize` failed.
/opt/conda/conda-bld/pytorch_1712608843393/work/aten/src/ATen/native/cuda/Indexing.cu:1289: indexSelectLargeIndex: block: [95,0,0], thread: [105,0,0] Assertion `srcIndex < srcSelectDimSize` failed.
/opt/conda/conda-bld/pytorch_1712608843393/work/aten/src/ATen/native/cuda/Indexing.cu:1289: indexSelectLargeIndex: block: [95,0,0], thread: [106,0,0] Assertion `srcIndex < srcSelectDimSize` failed.
/opt/conda/conda-bld/pytorch_1712608843393/work/aten/src/ATen/native/cuda/Indexing.cu:1289: indexSelectLargeIndex: block: [95,0,0], thread: [107,0,0] Assertion `srcIndex < srcSelectDimSize` failed.
/opt/conda/conda-bld/pytorch_1712608843393/work/aten/src/ATen/native/cuda/Indexing.cu:1289: indexSelectLargeIndex: block: [95,0,0], thread: [108,0,0] Assertion `srcIndex < srcSelectDimSize` failed.
/opt/conda/conda-bld/pytorch_1712608843393/work/aten/src/ATen/native/cuda/Indexing.cu:1289: indexSelectLargeIndex: block: [95,0,0], thread: [109,0,0] Assertion `srcIndex < srcSelectDimSize` failed.
/opt/conda/conda-bld/pytorch_1712608843393/work/aten/src/ATen/native/cuda/Indexing.cu:1289: indexSelectLargeIndex: block: [95,0,0], thread: [110,0,0] Assertion `srcIndex < srcSelectDimSize` failed.
/opt/conda/conda-bld/pytorch_1712608843393/work/aten/src/ATen/native/cuda/Indexing.cu:1289: indexSelectLargeIndex: block: [95,0,0], thread: [111,0,0] Assertion `srcIndex < srcSelectDimSize` failed.
/opt/conda/conda-bld/pytorch_1712608843393/work/aten/src/ATen/native/cuda/Indexing.cu:1289: indexSelectLargeIndex: block: [95,0,0], thread: [112,0,0] Assertion `srcIndex < srcSelectDimSize` failed.
/opt/conda/conda-bld/pytorch_1712608843393/work/aten/src/ATen/native/cuda/Indexing.cu:1289: indexSelectLargeIndex: block: [95,0,0], thread: [113,0,0] Assertion `srcIndex < srcSelectDimSize` failed.
/opt/conda/conda-bld/pytorch_1712608843393/work/aten/src/ATen/native/cuda/Indexing.cu:1289: indexSelectLargeIndex: block: [95,0,0], thread: [114,0,0] Assertion `srcIndex < srcSelectDimSize` failed.
/opt/conda/conda-bld/pytorch_1712608843393/work/aten/src/ATen/native/cuda/Indexing.cu:1289: indexSelectLargeIndex: block: [95,0,0], thread: [115,0,0] Assertion `srcIndex < srcSelectDimSize` failed.
/opt/conda/conda-bld/pytorch_1712608843393/work/aten/src/ATen/native/cuda/Indexing.cu:1289: indexSelectLargeIndex: block: [95,0,0], thread: [116,0,0] Assertion `srcIndex < srcSelectDimSize` failed.
/opt/conda/conda-bld/pytorch_1712608843393/work/aten/src/ATen/native/cuda/Indexing.cu:1289: indexSelectLargeIndex: block: [95,0,0], thread: [117,0,0] Assertion `srcIndex < srcSelectDimSize` failed.
/opt/conda/conda-bld/pytorch_1712608843393/work/aten/src/ATen/native/cuda/Indexing.cu:1289: indexSelectLargeIndex: block: [95,0,0], thread: [118,0,0] Assertion `srcIndex < srcSelectDimSize` failed.
/opt/conda/conda-bld/pytorch_1712608843393/work/aten/src/ATen/native/cuda/Indexing.cu:1289: indexSelectLargeIndex: block: [95,0,0], thread: [119,0,0] Assertion `srcIndex < srcSelectDimSize` failed.
/opt/conda/conda-bld/pytorch_1712608843393/work/aten/src/ATen/native/cuda/Indexing.cu:1289: indexSelectLargeIndex: block: [95,0,0], thread: [120,0,0] Assertion `srcIndex < srcSelectDimSize` failed.
/opt/conda/conda-bld/pytorch_1712608843393/work/aten/src/ATen/native/cuda/Indexing.cu:1289: indexSelectLargeIndex: block: [95,0,0], thread: [121,0,0] Assertion `srcIndex < srcSelectDimSize` failed.
/opt/conda/conda-bld/pytorch_1712608843393/work/aten/src/ATen/native/cuda/Indexing.cu:1289: indexSelectLargeIndex: block: [95,0,0], thread: [122,0,0] Assertion `srcIndex < srcSelectDimSize` failed.
/opt/conda/conda-bld/pytorch_1712608843393/work/aten/src/ATen/native/cuda/Indexing.cu:1289: indexSelectLargeIndex: block: [95,0,0], thread: [123,0,0] Assertion `srcIndex < srcSelectDimSize` failed.
/opt/conda/conda-bld/pytorch_1712608843393/work/aten/src/ATen/native/cuda/Indexing.cu:1289: indexSelectLargeIndex: block: [95,0,0], thread: [124,0,0] Assertion `srcIndex < srcSelectDimSize` failed.
/opt/conda/conda-bld/pytorch_1712608843393/work/aten/src/ATen/native/cuda/Indexing.cu:1289: indexSelectLargeIndex: block: [95,0,0], thread: [125,0,0] Assertion `srcIndex < srcSelectDimSize` failed.
/opt/conda/conda-bld/pytorch_1712608843393/work/aten/src/ATen/native/cuda/Indexing.cu:1289: indexSelectLargeIndex: block: [95,0,0], thread: [126,0,0] Assertion `srcIndex < srcSelectDimSize` failed.
/opt/conda/conda-bld/pytorch_1712608843393/work/aten/src/ATen/native/cuda/Indexing.cu:1289: indexSelectLargeIndex: block: [95,0,0], thread: [127,0,0] Assertion `srcIndex < srcSelectDimSize` failed.
/opt/conda/conda-bld/pytorch_1712608843393/work/aten/src/ATen/native/cuda/Indexing.cu:1289: indexSelectLargeIndex: block: [19,0,0], thread: [96,0,0] Assertion `srcIndex < srcSelectDimSize` failed.
/opt/conda/conda-bld/pytorch_1712608843393/work/aten/src/ATen/native/cuda/Indexing.cu:1289: indexSelectLargeIndex: block: [19,0,0], thread: [97,0,0] Assertion `srcIndex < srcSelectDimSize` failed.
/opt/conda/conda-bld/pytorch_1712608843393/work/aten/src/ATen/native/cuda/Indexing.cu:1289: indexSelectLargeIndex: block: [19,0,0], thread: [98,0,0] Assertion `srcIndex < srcSelectDimSize` failed.
/opt/conda/conda-bld/pytorch_1712608843393/work/aten/src/ATen/native/cuda/Indexing.cu:1289: indexSelectLargeIndex: block: [19,0,0], thread: [99,0,0] Assertion `srcIndex < srcSelectDimSize` failed.
/opt/conda/conda-bld/pytorch_1712608843393/work/aten/src/ATen/native/cuda/Indexing.cu:1289: indexSelectLargeIndex: block: [19,0,0], thread: [100,0,0] Assertion `srcIndex < srcSelectDimSize` failed.
/opt/conda/conda-bld/pytorch_1712608843393/work/aten/src/ATen/native/cuda/Indexing.cu:1289: indexSelectLargeIndex: block: [19,0,0], thread: [101,0,0] Assertion `srcIndex < srcSelectDimSize` failed.
/opt/conda/conda-bld/pytorch_1712608843393/work/aten/src/ATen/native/cuda/Indexing.cu:1289: indexSelectLargeIndex: block: [19,0,0], thread: [102,0,0] Assertion `srcIndex < srcSelectDimSize` failed.
/opt/conda/conda-bld/pytorch_1712608843393/work/aten/src/ATen/native/cuda/Indexing.cu:1289: indexSelectLargeIndex: block: [19,0,0], thread: [103,0,0] Assertion `srcIndex < srcSelectDimSize` failed.
/opt/conda/conda-bld/pytorch_1712608843393/work/aten/src/ATen/native/cuda/Indexing.cu:1289: indexSelectLargeIndex: block: [19,0,0], thread: [104,0,0] Assertion `srcIndex < srcSelectDimSize` failed.
/opt/conda/conda-bld/pytorch_1712608843393/work/aten/src/ATen/native/cuda/Indexing.cu:1289: indexSelectLargeIndex: block: [19,0,0], thread: [105,0,0] Assertion `srcIndex < srcSelectDimSize` failed.
/opt/conda/conda-bld/pytorch_1712608843393/work/aten/src/ATen/native/cuda/Indexing.cu:1289: indexSelectLargeIndex: block: [19,0,0], thread: [106,0,0] Assertion `srcIndex < srcSelectDimSize` failed.
/opt/conda/conda-bld/pytorch_1712608843393/work/aten/src/ATen/native/cuda/Indexing.cu:1289: indexSelectLargeIndex: block: [19,0,0], thread: [107,0,0] Assertion `srcIndex < srcSelectDimSize` failed.
/opt/conda/conda-bld/pytorch_1712608843393/work/aten/src/ATen/native/cuda/Indexing.cu:1289: indexSelectLargeIndex: block: [19,0,0], thread: [108,0,0] Assertion `srcIndex < srcSelectDimSize` failed.
/opt/conda/conda-bld/pytorch_1712608843393/work/aten/src/ATen/native/cuda/Indexing.cu:1289: indexSelectLargeIndex: block: [19,0,0], thread: [109,0,0] Assertion `srcIndex < srcSelectDimSize` failed.
/opt/conda/conda-bld/pytorch_1712608843393/work/aten/src/ATen/native/cuda/Indexing.cu:1289: indexSelectLargeIndex: block: [19,0,0], thread: [110,0,0] Assertion `srcIndex < srcSelectDimSize` failed.
/opt/conda/conda-bld/pytorch_1712608843393/work/aten/src/ATen/native/cuda/Indexing.cu:1289: indexSelectLargeIndex: block: [19,0,0], thread: [111,0,0] Assertion `srcIndex < srcSelectDimSize` failed.
/opt/conda/conda-bld/pytorch_1712608843393/work/aten/src/ATen/native/cuda/Indexing.cu:1289: indexSelectLargeIndex: block: [19,0,0], thread: [112,0,0] Assertion `srcIndex < srcSelectDimSize` failed.
/opt/conda/conda-bld/pytorch_1712608843393/work/aten/src/ATen/native/cuda/Indexing.cu:1289: indexSelectLargeIndex: block: [19,0,0], thread: [113,0,0] Assertion `srcIndex < srcSelectDimSize` failed.
/opt/conda/conda-bld/pytorch_1712608843393/work/aten/src/ATen/native/cuda/Indexing.cu:1289: indexSelectLargeIndex: block: [19,0,0], thread: [114,0,0] Assertion `srcIndex < srcSelectDimSize` failed.
/opt/conda/conda-bld/pytorch_1712608843393/work/aten/src/ATen/native/cuda/Indexing.cu:1289: indexSelectLargeIndex: block: [19,0,0], thread: [115,0,0] Assertion `srcIndex < srcSelectDimSize` failed.
/opt/conda/conda-bld/pytorch_1712608843393/work/aten/src/ATen/native/cuda/Indexing.cu:1289: indexSelectLargeIndex: block: [19,0,0], thread: [116,0,0] Assertion `srcIndex < srcSelectDimSize` failed.
/opt/conda/conda-bld/pytorch_1712608843393/work/aten/src/ATen/native/cuda/Indexing.cu:1289: indexSelectLargeIndex: block: [19,0,0], thread: [117,0,0] Assertion `srcIndex < srcSelectDimSize` failed.
/opt/conda/conda-bld/pytorch_1712608843393/work/aten/src/ATen/native/cuda/Indexing.cu:1289: indexSelectLargeIndex: block: [19,0,0], thread: [118,0,0] Assertion `srcIndex < srcSelectDimSize` failed.
/opt/conda/conda-bld/pytorch_1712608843393/work/aten/src/ATen/native/cuda/Indexing.cu:1289: indexSelectLargeIndex: block: [19,0,0], thread: [119,0,0] Assertion `srcIndex < srcSelectDimSize` failed.
/opt/conda/conda-bld/pytorch_1712608843393/work/aten/src/ATen/native/cuda/Indexing.cu:1289: indexSelectLargeIndex: block: [19,0,0], thread: [120,0,0] Assertion `srcIndex < srcSelectDimSize` failed.
/opt/conda/conda-bld/pytorch_1712608843393/work/aten/src/ATen/native/cuda/Indexing.cu:1289: indexSelectLargeIndex: block: [19,0,0], thread: [121,0,0] Assertion `srcIndex < srcSelectDimSize` failed.
/opt/conda/conda-bld/pytorch_1712608843393/work/aten/src/ATen/native/cuda/Indexing.cu:1289: indexSelectLargeIndex: block: [19,0,0], thread: [122,0,0] Assertion `srcIndex < srcSelectDimSize` failed.
/opt/conda/conda-bld/pytorch_1712608843393/work/aten/src/ATen/native/cuda/Indexing.cu:1289: indexSelectLargeIndex: block: [19,0,0], thread: [123,0,0] Assertion `srcIndex < srcSelectDimSize` failed.
/opt/conda/conda-bld/pytorch_1712608843393/work/aten/src/ATen/native/cuda/Indexing.cu:1289: indexSelectLargeIndex: block: [19,0,0], thread: [124,0,0] Assertion `srcIndex < srcSelectDimSize` failed.
/opt/conda/conda-bld/pytorch_1712608843393/work/aten/src/ATen/native/cuda/Indexing.cu:1289: indexSelectLargeIndex: block: [19,0,0], thread: [125,0,0] Assertion `srcIndex < srcSelectDimSize` failed.
/opt/conda/conda-bld/pytorch_1712608843393/work/aten/src/ATen/native/cuda/Indexing.cu:1289: indexSelectLargeIndex: block: [19,0,0], thread: [126,0,0] Assertion `srcIndex < srcSelectDimSize` failed.
/opt/conda/conda-bld/pytorch_1712608843393/work/aten/src/ATen/native/cuda/Indexing.cu:1289: indexSelectLargeIndex: block: [19,0,0], thread: [127,0,0] Assertion `srcIndex < srcSelectDimSize` failed.
/opt/conda/conda-bld/pytorch_1712608843393/work/aten/src/ATen/native/cuda/Indexing.cu:1289: indexSelectLargeIndex: block: [122,0,0], thread: [96,0,0] Assertion `srcIndex < srcSelectDimSize` failed.
/opt/conda/conda-bld/pytorch_1712608843393/work/aten/src/ATen/native/cuda/Indexing.cu:1289: indexSelectLargeIndex: block: [122,0,0], thread: [97,0,0] Assertion `srcIndex < srcSelectDimSize` failed.
/opt/conda/conda-bld/pytorch_1712608843393/work/aten/src/ATen/native/cuda/Indexing.cu:1289: indexSelectLargeIndex: block: [122,0,0], thread: [98,0,0] Assertion `srcIndex < srcSelectDimSize` failed.
/opt/conda/conda-bld/pytorch_1712608843393/work/aten/src/ATen/native/cuda/Indexing.cu:1289: indexSelectLargeIndex: block: [122,0,0], thread: [99,0,0] Assertion `srcIndex < srcSelectDimSize` failed.
/opt/conda/conda-bld/pytorch_1712608843393/work/aten/src/ATen/native/cuda/Indexing.cu:1289: indexSelectLargeIndex: block: [122,0,0], thread: [100,0,0] Assertion `srcIndex < srcSelectDimSize` failed.
/opt/conda/conda-bld/pytorch_1712608843393/work/aten/src/ATen/native/cuda/Indexing.cu:1289: indexSelectLargeIndex: block: [122,0,0], thread: [101,0,0] Assertion `srcIndex < srcSelectDimSize` failed.
/opt/conda/conda-bld/pytorch_1712608843393/work/aten/src/ATen/native/cuda/Indexing.cu:1289: indexSelectLargeIndex: block: [122,0,0], thread: [102,0,0] Assertion `srcIndex < srcSelectDimSize` failed.
/opt/conda/conda-bld/pytorch_1712608843393/work/aten/src/ATen/native/cuda/Indexing.cu:1289: indexSelectLargeIndex: block: [122,0,0], thread: [103,0,0] Assertion `srcIndex < srcSelectDimSize` failed.
/opt/conda/conda-bld/pytorch_1712608843393/work/aten/src/ATen/native/cuda/Indexing.cu:1289: indexSelectLargeIndex: block: [122,0,0], thread: [104,0,0] Assertion `srcIndex < srcSelectDimSize` failed.
/opt/conda/conda-bld/pytorch_1712608843393/work/aten/src/ATen/native/cuda/Indexing.cu:1289: indexSelectLargeIndex: block: [122,0,0], thread: [105,0,0] Assertion `srcIndex < srcSelectDimSize` failed.
/opt/conda/conda-bld/pytorch_1712608843393/work/aten/src/ATen/native/cuda/Indexing.cu:1289: indexSelectLargeIndex: block: [122,0,0], thread: [106,0,0] Assertion `srcIndex < srcSelectDimSize` failed.
/opt/conda/conda-bld/pytorch_1712608843393/work/aten/src/ATen/native/cuda/Indexing.cu:1289: indexSelectLargeIndex: block: [122,0,0], thread: [107,0,0] Assertion `srcIndex < srcSelectDimSize` failed.
/opt/conda/conda-bld/pytorch_1712608843393/work/aten/src/ATen/native/cuda/Indexing.cu:1289: indexSelectLargeIndex: block: [122,0,0], thread: [108,0,0] Assertion `srcIndex < srcSelectDimSize` failed.
/opt/conda/conda-bld/pytorch_1712608843393/work/aten/src/ATen/native/cuda/Indexing.cu:1289: indexSelectLargeIndex: block: [122,0,0], thread: [109,0,0] Assertion `srcIndex < srcSelectDimSize` failed.
/opt/conda/conda-bld/pytorch_1712608843393/work/aten/src/ATen/native/cuda/Indexing.cu:1289: indexSelectLargeIndex: block: [122,0,0], thread: [110,0,0] Assertion `srcIndex < srcSelectDimSize` failed.
/opt/conda/conda-bld/pytorch_1712608843393/work/aten/src/ATen/native/cuda/Indexing.cu:1289: indexSelectLargeIndex: block: [122,0,0], thread: [111,0,0] Assertion `srcIndex < srcSelectDimSize` failed.
/opt/conda/conda-bld/pytorch_1712608843393/work/aten/src/ATen/native/cuda/Indexing.cu:1289: indexSelectLargeIndex: block: [122,0,0], thread: [112,0,0] Assertion `srcIndex < srcSelectDimSize` failed.
/opt/conda/conda-bld/pytorch_1712608843393/work/aten/src/ATen/native/cuda/Indexing.cu:1289: indexSelectLargeIndex: block: [122,0,0], thread: [113,0,0] Assertion `srcIndex < srcSelectDimSize` failed.
/opt/conda/conda-bld/pytorch_1712608843393/work/aten/src/ATen/native/cuda/Indexing.cu:1289: indexSelectLargeIndex: block: [122,0,0], thread: [114,0,0] Assertion `srcIndex < srcSelectDimSize` failed.
/opt/conda/conda-bld/pytorch_1712608843393/work/aten/src/ATen/native/cuda/Indexing.cu:1289: indexSelectLargeIndex: block: [122,0,0], thread: [115,0,0] Assertion `srcIndex < srcSelectDimSize` failed.
/opt/conda/conda-bld/pytorch_1712608843393/work/aten/src/ATen/native/cuda/Indexing.cu:1289: indexSelectLargeIndex: block: [122,0,0], thread: [116,0,0] Assertion `srcIndex < srcSelectDimSize` failed.
/opt/conda/conda-bld/pytorch_1712608843393/work/aten/src/ATen/native/cuda/Indexing.cu:1289: indexSelectLargeIndex: block: [122,0,0], thread: [117,0,0] Assertion `srcIndex < srcSelectDimSize` failed.
/opt/conda/conda-bld/pytorch_1712608843393/work/aten/src/ATen/native/cuda/Indexing.cu:1289: indexSelectLargeIndex: block: [122,0,0], thread: [118,0,0] Assertion `srcIndex < srcSelectDimSize` failed.
/opt/conda/conda-bld/pytorch_1712608843393/work/aten/src/ATen/native/cuda/Indexing.cu:1289: indexSelectLargeIndex: block: [122,0,0], thread: [119,0,0] Assertion `srcIndex < srcSelectDimSize` failed.
/opt/conda/conda-bld/pytorch_1712608843393/work/aten/src/ATen/native/cuda/Indexing.cu:1289: indexSelectLargeIndex: block: [122,0,0], thread: [120,0,0] Assertion `srcIndex < srcSelectDimSize` failed.
/opt/conda/conda-bld/pytorch_1712608843393/work/aten/src/ATen/native/cuda/Indexing.cu:1289: indexSelectLargeIndex: block: [122,0,0], thread: [121,0,0] Assertion `srcIndex < srcSelectDimSize` failed.
/opt/conda/conda-bld/pytorch_1712608843393/work/aten/src/ATen/native/cuda/Indexing.cu:1289: indexSelectLargeIndex: block: [122,0,0], thread: [122,0,0] Assertion `srcIndex < srcSelectDimSize` failed.
/opt/conda/conda-bld/pytorch_1712608843393/work/aten/src/ATen/native/cuda/Indexing.cu:1289: indexSelectLargeIndex: block: [122,0,0], thread: [123,0,0] Assertion `srcIndex < srcSelectDimSize` failed.
/opt/conda/conda-bld/pytorch_1712608843393/work/aten/src/ATen/native/cuda/Indexing.cu:1289: indexSelectLargeIndex: block: [122,0,0], thread: [124,0,0] Assertion `srcIndex < srcSelectDimSize` failed.
/opt/conda/conda-bld/pytorch_1712608843393/work/aten/src/ATen/native/cuda/Indexing.cu:1289: indexSelectLargeIndex: block: [122,0,0], thread: [125,0,0] Assertion `srcIndex < srcSelectDimSize` failed.
/opt/conda/conda-bld/pytorch_1712608843393/work/aten/src/ATen/native/cuda/Indexing.cu:1289: indexSelectLargeIndex: block: [122,0,0], thread: [126,0,0] Assertion `srcIndex < srcSelectDimSize` failed.
/opt/conda/conda-bld/pytorch_1712608843393/work/aten/src/ATen/native/cuda/Indexing.cu:1289: indexSelectLargeIndex: block: [122,0,0], thread: [127,0,0] Assertion `srcIndex < srcSelectDimSize` failed.
  0%|                                           | 0/1 [00:00<?, ?it/s]
dl torch.Size([705])
dl type <class 'torch.Tensor'>
dldtype torch.int64
dl device cuda:0
x device cuda:0
Tensor Z shape: torch.Size([705])
Tensor Z_emb shape: torch.Size([705, 32])
Tensor dl shape: torch.Size([705])
/opt/conda/conda-bld/pytorch_1712608843393/work/aten/src/ATen/native/cuda/Indexing.cu:1289: indexSelectLargeIndex: block: [36,0,0], thread: [0,0,0] Assertion `srcIndex < srcSelectDimSize` failed.
/opt/conda/conda-bld/pytorch_1712608843393/work/aten/src/ATen/native/cuda/Indexing.cu:1289: indexSelectLargeIndex: block: [36,0,0], thread: [1,0,0] Assertion `srcIndex < srcSelectDimSize` failed.
/opt/conda/conda-bld/pytorch_1712608843393/work/aten/src/ATen/native/cuda/Indexing.cu:1289: indexSelectLargeIndex: block: [36,0,0], thread: [2,0,0] Assertion `srcIndex < srcSelectDimSize` failed.
/opt/conda/conda-bld/pytorch_1712608843393/work/aten/src/ATen/native/cuda/Indexing.cu:1289: indexSelectLargeIndex: block: [36,0,0], thread: [3,0,0] Assertion `srcIndex < srcSelectDimSize` failed.
/opt/conda/conda-bld/pytorch_1712608843393/work/aten/src/ATen/native/cuda/Indexing.cu:1289: indexSelectLargeIndex: block: [36,0,0], thread: [4,0,0] Assertion `srcIndex < srcSelectDimSize` failed.
/opt/conda/conda-bld/pytorch_1712608843393/work/aten/src/ATen/native/cuda/Indexing.cu:1289: indexSelectLargeIndex: block: [36,0,0], thread: [5,0,0] Assertion `srcIndex < srcSelectDimSize` failed.
/opt/conda/conda-bld/pytorch_1712608843393/work/aten/src/ATen/native/cuda/Indexing.cu:1289: indexSelectLargeIndex: block: [36,0,0], thread: [6,0,0] Assertion `srcIndex < srcSelectDimSize` failed.
/opt/conda/conda-bld/pytorch_1712608843393/work/aten/src/ATen/native/cuda/Indexing.cu:1289: indexSelectLargeIndex: block: [36,0,0], thread: [7,0,0] Assertion `srcIndex < srcSelectDimSize` failed.
/opt/conda/conda-bld/pytorch_1712608843393/work/aten/src/ATen/native/cuda/Indexing.cu:1289: indexSelectLargeIndex: block: [36,0,0], thread: [8,0,0] Assertion `srcIndex < srcSelectDimSize` failed.
/opt/conda/conda-bld/pytorch_1712608843393/work/aten/src/ATen/native/cuda/Indexing.cu:1289: indexSelectLargeIndex: block: [36,0,0], thread: [9,0,0] Assertion `srcIndex < srcSelectDimSize` failed.
/opt/conda/conda-bld/pytorch_1712608843393/work/aten/src/ATen/native/cuda/Indexing.cu:1289: indexSelectLargeIndex: block: [36,0,0], thread: [10,0,0] Assertion `srcIndex < srcSelectDimSize` failed.
/opt/conda/conda-bld/pytorch_1712608843393/work/aten/src/ATen/native/cuda/Indexing.cu:1289: indexSelectLargeIndex: block: [36,0,0], thread: [11,0,0] Assertion `srcIndex < srcSelectDimSize` failed.
/opt/conda/conda-bld/pytorch_1712608843393/work/aten/src/ATen/native/cuda/Indexing.cu:1289: indexSelectLargeIndex: block: [36,0,0], thread: [12,0,0] Assertion `srcIndex < srcSelectDimSize` failed.
/opt/conda/conda-bld/pytorch_1712608843393/work/aten/src/ATen/native/cuda/Indexing.cu:1289: indexSelectLargeIndex: block: [36,0,0], thread: [13,0,0] Assertion `srcIndex < srcSelectDimSize` failed.
/opt/conda/conda-bld/pytorch_1712608843393/work/aten/src/ATen/native/cuda/Indexing.cu:1289: indexSelectLargeIndex: block: [36,0,0], thread: [14,0,0] Assertion `srcIndex < srcSelectDimSize` failed.
/opt/conda/conda-bld/pytorch_1712608843393/work/aten/src/ATen/native/cuda/Indexing.cu:1289: indexSelectLargeIndex: block: [36,0,0], thread: [15,0,0] Assertion `srcIndex < srcSelectDimSize` failed.
/opt/conda/conda-bld/pytorch_1712608843393/work/aten/src/ATen/native/cuda/Indexing.cu:1289: indexSelectLargeIndex: block: [36,0,0], thread: [16,0,0] Assertion `srcIndex < srcSelectDimSize` failed.
/opt/conda/conda-bld/pytorch_1712608843393/work/aten/src/ATen/native/cuda/Indexing.cu:1289: indexSelectLargeIndex: block: [36,0,0], thread: [17,0,0] Assertion `srcIndex < srcSelectDimSize` failed.
/opt/conda/conda-bld/pytorch_1712608843393/work/aten/src/ATen/native/cuda/Indexing.cu:1289: indexSelectLargeIndex: block: [36,0,0], thread: [18,0,0] Assertion `srcIndex < srcSelectDimSize` failed.
/opt/conda/conda-bld/pytorch_1712608843393/work/aten/src/ATen/native/cuda/Indexing.cu:1289: indexSelectLargeIndex: block: [36,0,0], thread: [19,0,0] Assertion `srcIndex < srcSelectDimSize` failed.
/opt/conda/conda-bld/pytorch_1712608843393/work/aten/src/ATen/native/cuda/Indexing.cu:1289: indexSelectLargeIndex: block: [36,0,0], thread: [20,0,0] Assertion `srcIndex < srcSelectDimSize` failed.
/opt/conda/conda-bld/pytorch_1712608843393/work/aten/src/ATen/native/cuda/Indexing.cu:1289: indexSelectLargeIndex: block: [36,0,0], thread: [21,0,0] Assertion `srcIndex < srcSelectDimSize` failed.
/opt/conda/conda-bld/pytorch_1712608843393/work/aten/src/ATen/native/cuda/Indexing.cu:1289: indexSelectLargeIndex: block: [36,0,0], thread: [22,0,0] Assertion `srcIndex < srcSelectDimSize` failed.
/opt/conda/conda-bld/pytorch_1712608843393/work/aten/src/ATen/native/cuda/Indexing.cu:1289: indexSelectLargeIndex: block: [36,0,0], thread: [23,0,0] Assertion `srcIndex < srcSelectDimSize` failed.
/opt/conda/conda-bld/pytorch_1712608843393/work/aten/src/ATen/native/cuda/Indexing.cu:1289: indexSelectLargeIndex: block: [36,0,0], thread: [24,0,0] Assertion `srcIndex < srcSelectDimSize` failed.
/opt/conda/conda-bld/pytorch_1712608843393/work/aten/src/ATen/native/cuda/Indexing.cu:1289: indexSelectLargeIndex: block: [36,0,0], thread: [25,0,0] Assertion `srcIndex < srcSelectDimSize` failed.
/opt/conda/conda-bld/pytorch_1712608843393/work/aten/src/ATen/native/cuda/Indexing.cu:1289: indexSelectLargeIndex: block: [36,0,0], thread: [26,0,0] Assertion `srcIndex < srcSelectDimSize` failed.
/opt/conda/conda-bld/pytorch_1712608843393/work/aten/src/ATen/native/cuda/Indexing.cu:1289: indexSelectLargeIndex: block: [36,0,0], thread: [27,0,0] Assertion `srcIndex < srcSelectDimSize` failed.
/opt/conda/conda-bld/pytorch_1712608843393/work/aten/src/ATen/native/cuda/Indexing.cu:1289: indexSelectLargeIndex: block: [36,0,0], thread: [28,0,0] Assertion `srcIndex < srcSelectDimSize` failed.
/opt/conda/conda-bld/pytorch_1712608843393/work/aten/src/ATen/native/cuda/Indexing.cu:1289: indexSelectLargeIndex: block: [36,0,0], thread: [29,0,0] Assertion `srcIndex < srcSelectDimSize` failed.
/opt/conda/conda-bld/pytorch_1712608843393/work/aten/src/ATen/native/cuda/Indexing.cu:1289: indexSelectLargeIndex: block: [36,0,0], thread: [30,0,0] Assertion `srcIndex < srcSelectDimSize` failed.
/opt/conda/conda-bld/pytorch_1712608843393/work/aten/src/ATen/native/cuda/Indexing.cu:1289: indexSelectLargeIndex: block: [36,0,0], thread: [31,0,0] Assertion `srcIndex < srcSelectDimSize` failed.
Traceback (most recent call last):
  File "seal_link_pred.py", line 1319, in <module>
    loss = train()
  File "seal_link_pred.py", line 511, in train
    logits = model(data.z, data.edge_index, data.batch, dl, x, edge_weight, node_id)
  File "/grphome/grp_supplychainai/.conda/envs/sealenv/lib/python3.8/site-packages/torch/nn/modules/module.py", line 1532, in _wrapped_call_impl
    return self._call_impl(*args, **kwargs)
  File "/grphome/grp_supplychainai/.conda/envs/sealenv/lib/python3.8/site-packages/torch/nn/modules/module.py", line 1541, in _call_impl
    return forward_call(*args, **kwargs)
  File "/grphome/grp_supplychainai/SEAL_OGB/models.py", line 222, in forward
    dl_emb = self.z_embedding(dl)
  File "/grphome/grp_supplychainai/.conda/envs/sealenv/lib/python3.8/site-packages/torch/nn/modules/module.py", line 1532, in _wrapped_call_impl
    return self._call_impl(*args, **kwargs)
  File "/grphome/grp_supplychainai/.conda/envs/sealenv/lib/python3.8/site-packages/torch/nn/modules/module.py", line 1541, in _call_impl
    return forward_call(*args, **kwargs)
  File "/grphome/grp_supplychainai/.conda/envs/sealenv/lib/python3.8/site-packages/torch/nn/modules/sparse.py", line 163, in forward
    return F.embedding(
  File "/grphome/grp_supplychainai/.conda/envs/sealenv/lib/python3.8/site-packages/torch/nn/functional.py", line 2264, in embedding
    return torch.embedding(weight, input, padding_idx, scale_grad_by_freq, sparse)
RuntimeError: CUDA error: device-side assert triggered
Compile with `TORCH_USE_CUDA_DSA` to enable device-side assertions.

