Results will be saved in results/world_trade_1995_20240805140620
Command line input: python seal_link_pred.py --dataset world_trade_1995 --fast_split --num_hops 1 --use_feature --eval_steps 1 --runs 3 --epochs 10 --dynamic_train --dynamic_val --dynamic_test --train_percent 2 --val_percent 1 --test_percent 1 --use_dl
 is saved.
Data found, skipping download...
Path /grphome/grp_supplychainai/nobackup/archive/world_trade_seal_h1_drnl_rph10
Total number of parameters is 114498
SortPooling k is set to 45
  0%|                                           | 0/1 [00:00<?, ?it/s]  0%|                                           | 0/1 [00:01<?, ?it/s]
z torch.Size([1000, 32])
first x torch.Size([1000, 4])
x torch.Size([1000, 36])
dl torch.Size([1000])
Traceback (most recent call last):
  File "seal_link_pred.py", line 1328, in <module>
    loss = train()
  File "seal_link_pred.py", line 519, in train
    logits = model(data.z, data.edge_index, data.batch, dl, x, edge_weight, node_id)
  File "/grphome/grp_supplychainai/.conda/envs/sealenv/lib/python3.8/site-packages/torch/nn/modules/module.py", line 1532, in _wrapped_call_impl
    return self._call_impl(*args, **kwargs)
  File "/grphome/grp_supplychainai/.conda/envs/sealenv/lib/python3.8/site-packages/torch/nn/modules/module.py", line 1541, in _call_impl
    return forward_call(*args, **kwargs)
  File "/grphome/grp_supplychainai/SEAL_OGB/models.py", line 244, in forward
    x = torch.cat([dl.to(torch.float), x], 0)
RuntimeError: Tensors must have same number of dimensions: got 1 and 2
