Results will be saved in results/world_trade_1995_20240718193305
Command line input: python seal_link_pred.py --dataset world_trade_1995 --fast_split --num_hops 1 --use_feature --eval_steps 1 --runs 3 --epochs 10 --dynamic_train --dynamic_val --dynamic_test --train_percent 2 --val_percent 1 --test_percent 1 --use_dl
 is saved.
Data found, skipping download...
Path /grphome/grp_supplychainai/compute/world_trade_seal_h1_drnl_rph10
Z torch.Size([14])
Z type <class 'torch.Tensor'>
dl torch.Size([14])
dl type <class 'torch.Tensor'>
Total number of parameters is 84674
SortPooling k is set to 30
  0%|                                           | 0/1 [00:00<?, ?it/s]/opt/conda/conda-bld/pytorch_1712608843393/work/aten/src/ATen/native/cuda/Indexing.cu:1289: indexSelectLargeIndex: block: [111,0,0], thread: [0,0,0] Assertion `srcIndex < srcSelectDimSize` failed.
/opt/conda/conda-bld/pytorch_1712608843393/work/aten/src/ATen/native/cuda/Indexing.cu:1289: indexSelectLargeIndex: block: [111,0,0], thread: [1,0,0] Assertion `srcIndex < srcSelectDimSize` failed.
/opt/conda/conda-bld/pytorch_1712608843393/work/aten/src/ATen/native/cuda/Indexing.cu:1289: indexSelectLargeIndex: block: [111,0,0], thread: [2,0,0] Assertion `srcIndex < srcSelectDimSize` failed.
/opt/conda/conda-bld/pytorch_1712608843393/work/aten/src/ATen/native/cuda/Indexing.cu:1289: indexSelectLargeIndex: block: [111,0,0], thread: [3,0,0] Assertion `srcIndex < srcSelectDimSize` failed.
/opt/conda/conda-bld/pytorch_1712608843393/work/aten/src/ATen/native/cuda/Indexing.cu:1289: indexSelectLargeIndex: block: [111,0,0], thread: [4,0,0] Assertion `srcIndex < srcSelectDimSize` failed.
/opt/conda/conda-bld/pytorch_1712608843393/work/aten/src/ATen/native/cuda/Indexing.cu:1289: indexSelectLargeIndex: block: [111,0,0], thread: [5,0,0] Assertion `srcIndex < srcSelectDimSize` failed.
/opt/conda/conda-bld/pytorch_1712608843393/work/aten/src/ATen/native/cuda/Indexing.cu:1289: indexSelectLargeIndex: block: [111,0,0], thread: [6,0,0] Assertion `srcIndex < srcSelectDimSize` failed.
/opt/conda/conda-bld/pytorch_1712608843393/work/aten/src/ATen/native/cuda/Indexing.cu:1289: indexSelectLargeIndex: block: [111,0,0], thread: [7,0,0] Assertion `srcIndex < srcSelectDimSize` failed.
/opt/conda/conda-bld/pytorch_1712608843393/work/aten/src/ATen/native/cuda/Indexing.cu:1289: indexSelectLargeIndex: block: [111,0,0], thread: [8,0,0] Assertion `srcIndex < srcSelectDimSize` failed.
/opt/conda/conda-bld/pytorch_1712608843393/work/aten/src/ATen/native/cuda/Indexing.cu:1289: indexSelectLargeIndex: block: [111,0,0], thread: [9,0,0] Assertion `srcIndex < srcSelectDimSize` failed.
/opt/conda/conda-bld/pytorch_1712608843393/work/aten/src/ATen/native/cuda/Indexing.cu:1289: indexSelectLargeIndex: block: [111,0,0], thread: [10,0,0] Assertion `srcIndex < srcSelectDimSize` failed.
/opt/conda/conda-bld/pytorch_1712608843393/work/aten/src/ATen/native/cuda/Indexing.cu:1289: indexSelectLargeIndex: block: [111,0,0], thread: [11,0,0] Assertion `srcIndex < srcSelectDimSize` failed.
/opt/conda/conda-bld/pytorch_1712608843393/work/aten/src/ATen/native/cuda/Indexing.cu:1289: indexSelectLargeIndex: block: [111,0,0], thread: [12,0,0] Assertion `srcIndex < srcSelectDimSize` failed.
/opt/conda/conda-bld/pytorch_1712608843393/work/aten/src/ATen/native/cuda/Indexing.cu:1289: indexSelectLargeIndex: block: [111,0,0], thread: [13,0,0] Assertion `srcIndex < srcSelectDimSize` failed.
/opt/conda/conda-bld/pytorch_1712608843393/work/aten/src/ATen/native/cuda/Indexing.cu:1289: indexSelectLargeIndex: block: [111,0,0], thread: [14,0,0] Assertion `srcIndex < srcSelectDimSize` failed.
/opt/conda/conda-bld/pytorch_1712608843393/work/aten/src/ATen/native/cuda/Indexing.cu:1289: indexSelectLargeIndex: block: [111,0,0], thread: [15,0,0] Assertion `srcIndex < srcSelectDimSize` failed.
/opt/conda/conda-bld/pytorch_1712608843393/work/aten/src/ATen/native/cuda/Indexing.cu:1289: indexSelectLargeIndex: block: [111,0,0], thread: [16,0,0] Assertion `srcIndex < srcSelectDimSize` failed.
/opt/conda/conda-bld/pytorch_1712608843393/work/aten/src/ATen/native/cuda/Indexing.cu:1289: indexSelectLargeIndex: block: [111,0,0], thread: [17,0,0] Assertion `srcIndex < srcSelectDimSize` failed.
/opt/conda/conda-bld/pytorch_1712608843393/work/aten/src/ATen/native/cuda/Indexing.cu:1289: indexSelectLargeIndex: block: [111,0,0], thread: [18,0,0] Assertion `srcIndex < srcSelectDimSize` failed.
/opt/conda/conda-bld/pytorch_1712608843393/work/aten/src/ATen/native/cuda/Indexing.cu:1289: indexSelectLargeIndex: block: [111,0,0], thread: [19,0,0] Assertion `srcIndex < srcSelectDimSize` failed.
/opt/conda/conda-bld/pytorch_1712608843393/work/aten/src/ATen/native/cuda/Indexing.cu:1289: indexSelectLargeIndex: block: [111,0,0], thread: [20,0,0] Assertion `srcIndex < srcSelectDimSize` failed.
/opt/conda/conda-bld/pytorch_1712608843393/work/aten/src/ATen/native/cuda/Indexing.cu:1289: indexSelectLargeIndex: block: [111,0,0], thread: [21,0,0] Assertion `srcIndex < srcSelectDimSize` failed.
/opt/conda/conda-bld/pytorch_1712608843393/work/aten/src/ATen/native/cuda/Indexing.cu:1289: indexSelectLargeIndex: block: [111,0,0], thread: [22,0,0] Assertion `srcIndex < srcSelectDimSize` failed.
/opt/conda/conda-bld/pytorch_1712608843393/work/aten/src/ATen/native/cuda/Indexing.cu:1289: indexSelectLargeIndex: block: [111,0,0], thread: [23,0,0] Assertion `srcIndex < srcSelectDimSize` failed.
/opt/conda/conda-bld/pytorch_1712608843393/work/aten/src/ATen/native/cuda/Indexing.cu:1289: indexSelectLargeIndex: block: [111,0,0], thread: [24,0,0] Assertion `srcIndex < srcSelectDimSize` failed.
/opt/conda/conda-bld/pytorch_1712608843393/work/aten/src/ATen/native/cuda/Indexing.cu:1289: indexSelectLargeIndex: block: [111,0,0], thread: [25,0,0] Assertion `srcIndex < srcSelectDimSize` failed.
/opt/conda/conda-bld/pytorch_1712608843393/work/aten/src/ATen/native/cuda/Indexing.cu:1289: indexSelectLargeIndex: block: [111,0,0], thread: [26,0,0] Assertion `srcIndex < srcSelectDimSize` failed.
/opt/conda/conda-bld/pytorch_1712608843393/work/aten/src/ATen/native/cuda/Indexing.cu:1289: indexSelectLargeIndex: block: [111,0,0], thread: [27,0,0] Assertion `srcIndex < srcSelectDimSize` failed.
/opt/conda/conda-bld/pytorch_1712608843393/work/aten/src/ATen/native/cuda/Indexing.cu:1289: indexSelectLargeIndex: block: [111,0,0], thread: [28,0,0] Assertion `srcIndex < srcSelectDimSize` failed.
/opt/conda/conda-bld/pytorch_1712608843393/work/aten/src/ATen/native/cuda/Indexing.cu:1289: indexSelectLargeIndex: block: [111,0,0], thread: [29,0,0] Assertion `srcIndex < srcSelectDimSize` failed.
/opt/conda/conda-bld/pytorch_1712608843393/work/aten/src/ATen/native/cuda/Indexing.cu:1289: indexSelectLargeIndex: block: [111,0,0], thread: [30,0,0] Assertion `srcIndex < srcSelectDimSize` failed.
/opt/conda/conda-bld/pytorch_1712608843393/work/aten/src/ATen/native/cuda/Indexing.cu:1289: indexSelectLargeIndex: block: [111,0,0], thread: [31,0,0] Assertion `srcIndex < srcSelectDimSize` failed.
/opt/conda/conda-bld/pytorch_1712608843393/work/aten/src/ATen/native/cuda/Indexing.cu:1289: indexSelectLargeIndex: block: [11,0,0], thread: [64,0,0] Assertion `srcIndex < srcSelectDimSize` failed.
/opt/conda/conda-bld/pytorch_1712608843393/work/aten/src/ATen/native/cuda/Indexing.cu:1289: indexSelectLargeIndex: block: [11,0,0], thread: [65,0,0] Assertion `srcIndex < srcSelectDimSize` failed.
/opt/conda/conda-bld/pytorch_1712608843393/work/aten/src/ATen/native/cuda/Indexing.cu:1289: indexSelectLargeIndex: block: [11,0,0], thread: [66,0,0] Assertion `srcIndex < srcSelectDimSize` failed.
/opt/conda/conda-bld/pytorch_1712608843393/work/aten/src/ATen/native/cuda/Indexing.cu:1289: indexSelectLargeIndex: block: [11,0,0], thread: [67,0,0] Assertion `srcIndex < srcSelectDimSize` failed.
/opt/conda/conda-bld/pytorch_1712608843393/work/aten/src/ATen/native/cuda/Indexing.cu:1289: indexSelectLargeIndex: block: [11,0,0], thread: [68,0,0] Assertion `srcIndex < srcSelectDimSize` failed.
/opt/conda/conda-bld/pytorch_1712608843393/work/aten/src/ATen/native/cuda/Indexing.cu:1289: indexSelectLargeIndex: block: [11,0,0], thread: [69,0,0] Assertion `srcIndex < srcSelectDimSize` failed.
/opt/conda/conda-bld/pytorch_1712608843393/work/aten/src/ATen/native/cuda/Indexing.cu:1289: indexSelectLargeIndex: block: [11,0,0], thread: [70,0,0] Assertion `srcIndex < srcSelectDimSize` failed.
/opt/conda/conda-bld/pytorch_1712608843393/work/aten/src/ATen/native/cuda/Indexing.cu:1289: indexSelectLargeIndex: block: [11,0,0], thread: [71,0,0] Assertion `srcIndex < srcSelectDimSize` failed.
/opt/conda/conda-bld/pytorch_1712608843393/work/aten/src/ATen/native/cuda/Indexing.cu:1289: indexSelectLargeIndex: block: [11,0,0], thread: [72,0,0] Assertion `srcIndex < srcSelectDimSize` failed.
/opt/conda/conda-bld/pytorch_1712608843393/work/aten/src/ATen/native/cuda/Indexing.cu:1289: indexSelectLargeIndex: block: [11,0,0], thread: [73,0,0] Assertion `srcIndex < srcSelectDimSize` failed.
/opt/conda/conda-bld/pytorch_1712608843393/work/aten/src/ATen/native/cuda/Indexing.cu:1289: indexSelectLargeIndex: block: [11,0,0], thread: [74,0,0] Assertion `srcIndex < srcSelectDimSize` failed.
/opt/conda/conda-bld/pytorch_1712608843393/work/aten/src/ATen/native/cuda/Indexing.cu:1289: indexSelectLargeIndex: block: [11,0,0], thread: [75,0,0] Assertion `srcIndex < srcSelectDimSize` failed.
/opt/conda/conda-bld/pytorch_1712608843393/work/aten/src/ATen/native/cuda/Indexing.cu:1289: indexSelectLargeIndex: block: [11,0,0], thread: [76,0,0] Assertion `srcIndex < srcSelectDimSize` failed.
/opt/conda/conda-bld/pytorch_1712608843393/work/aten/src/ATen/native/cuda/Indexing.cu:1289: indexSelectLargeIndex: block: [11,0,0], thread: [77,0,0] Assertion `srcIndex < srcSelectDimSize` failed.
/opt/conda/conda-bld/pytorch_1712608843393/work/aten/src/ATen/native/cuda/Indexing.cu:1289: indexSelectLargeIndex: block: [11,0,0], thread: [78,0,0] Assertion `srcIndex < srcSelectDimSize` failed.
/opt/conda/conda-bld/pytorch_1712608843393/work/aten/src/ATen/native/cuda/Indexing.cu:1289: indexSelectLargeIndex: block: [11,0,0], thread: [79,0,0] Assertion `srcIndex < srcSelectDimSize` failed.
/opt/conda/conda-bld/pytorch_1712608843393/work/aten/src/ATen/native/cuda/Indexing.cu:1289: indexSelectLargeIndex: block: [11,0,0], thread: [80,0,0] Assertion `srcIndex < srcSelectDimSize` failed.
/opt/conda/conda-bld/pytorch_1712608843393/work/aten/src/ATen/native/cuda/Indexing.cu:1289: indexSelectLargeIndex: block: [11,0,0], thread: [81,0,0] Assertion `srcIndex < srcSelectDimSize` failed.
/opt/conda/conda-bld/pytorch_1712608843393/work/aten/src/ATen/native/cuda/Indexing.cu:1289: indexSelectLargeIndex: block: [11,0,0], thread: [82,0,0] Assertion `srcIndex < srcSelectDimSize` failed.
/opt/conda/conda-bld/pytorch_1712608843393/work/aten/src/ATen/native/cuda/Indexing.cu:1289: indexSelectLargeIndex: block: [11,0,0], thread: [83,0,0] Assertion `srcIndex < srcSelectDimSize` failed.
/opt/conda/conda-bld/pytorch_1712608843393/work/aten/src/ATen/native/cuda/Indexing.cu:1289: indexSelectLargeIndex: block: [11,0,0], thread: [84,0,0] Assertion `srcIndex < srcSelectDimSize` failed.
/opt/conda/conda-bld/pytorch_1712608843393/work/aten/src/ATen/native/cuda/Indexing.cu:1289: indexSelectLargeIndex: block: [11,0,0], thread: [85,0,0] Assertion `srcIndex < srcSelectDimSize` failed.
/opt/conda/conda-bld/pytorch_1712608843393/work/aten/src/ATen/native/cuda/Indexing.cu:1289: indexSelectLargeIndex: block: [11,0,0], thread: [86,0,0] Assertion `srcIndex < srcSelectDimSize` failed.
/opt/conda/conda-bld/pytorch_1712608843393/work/aten/src/ATen/native/cuda/Indexing.cu:1289: indexSelectLargeIndex: block: [11,0,0], thread: [87,0,0] Assertion `srcIndex < srcSelectDimSize` failed.
/opt/conda/conda-bld/pytorch_1712608843393/work/aten/src/ATen/native/cuda/Indexing.cu:1289: indexSelectLargeIndex: block: [11,0,0], thread: [88,0,0] Assertion `srcIndex < srcSelectDimSize` failed.
/opt/conda/conda-bld/pytorch_1712608843393/work/aten/src/ATen/native/cuda/Indexing.cu:1289: indexSelectLargeIndex: block: [11,0,0], thread: [89,0,0] Assertion `srcIndex < srcSelectDimSize` failed.
/opt/conda/conda-bld/pytorch_1712608843393/work/aten/src/ATen/native/cuda/Indexing.cu:1289: indexSelectLargeIndex: block: [11,0,0], thread: [90,0,0] Assertion `srcIndex < srcSelectDimSize` failed.
/opt/conda/conda-bld/pytorch_1712608843393/work/aten/src/ATen/native/cuda/Indexing.cu:1289: indexSelectLargeIndex: block: [11,0,0], thread: [91,0,0] Assertion `srcIndex < srcSelectDimSize` failed.
/opt/conda/conda-bld/pytorch_1712608843393/work/aten/src/ATen/native/cuda/Indexing.cu:1289: indexSelectLargeIndex: block: [11,0,0], thread: [92,0,0] Assertion `srcIndex < srcSelectDimSize` failed.
/opt/conda/conda-bld/pytorch_1712608843393/work/aten/src/ATen/native/cuda/Indexing.cu:1289: indexSelectLargeIndex: block: [11,0,0], thread: [93,0,0] Assertion `srcIndex < srcSelectDimSize` failed.
/opt/conda/conda-bld/pytorch_1712608843393/work/aten/src/ATen/native/cuda/Indexing.cu:1289: indexSelectLargeIndex: block: [11,0,0], thread: [94,0,0] Assertion `srcIndex < srcSelectDimSize` failed.
/opt/conda/conda-bld/pytorch_1712608843393/work/aten/src/ATen/native/cuda/Indexing.cu:1289: indexSelectLargeIndex: block: [11,0,0], thread: [95,0,0] Assertion `srcIndex < srcSelectDimSize` failed.
/opt/conda/conda-bld/pytorch_1712608843393/work/aten/src/ATen/native/cuda/Indexing.cu:1289: indexSelectLargeIndex: block: [26,0,0], thread: [32,0,0] Assertion `srcIndex < srcSelectDimSize` failed.
/opt/conda/conda-bld/pytorch_1712608843393/work/aten/src/ATen/native/cuda/Indexing.cu:1289: indexSelectLargeIndex: block: [26,0,0], thread: [33,0,0] Assertion `srcIndex < srcSelectDimSize` failed.
/opt/conda/conda-bld/pytorch_1712608843393/work/aten/src/ATen/native/cuda/Indexing.cu:1289: indexSelectLargeIndex: block: [26,0,0], thread: [34,0,0] Assertion `srcIndex < srcSelectDimSize` failed.
/opt/conda/conda-bld/pytorch_1712608843393/work/aten/src/ATen/native/cuda/Indexing.cu:1289: indexSelectLargeIndex: block: [26,0,0], thread: [35,0,0] Assertion `srcIndex < srcSelectDimSize` failed.
/opt/conda/conda-bld/pytorch_1712608843393/work/aten/src/ATen/native/cuda/Indexing.cu:1289: indexSelectLargeIndex: block: [26,0,0], thread: [36,0,0] Assertion `srcIndex < srcSelectDimSize` failed.
/opt/conda/conda-bld/pytorch_1712608843393/work/aten/src/ATen/native/cuda/Indexing.cu:1289: indexSelectLargeIndex: block: [26,0,0], thread: [37,0,0] Assertion `srcIndex < srcSelectDimSize` failed.
/opt/conda/conda-bld/pytorch_1712608843393/work/aten/src/ATen/native/cuda/Indexing.cu:1289: indexSelectLargeIndex: block: [26,0,0], thread: [38,0,0] Assertion `srcIndex < srcSelectDimSize` failed.
/opt/conda/conda-bld/pytorch_1712608843393/work/aten/src/ATen/native/cuda/Indexing.cu:1289: indexSelectLargeIndex: block: [26,0,0], thread: [39,0,0] Assertion `srcIndex < srcSelectDimSize` failed.
/opt/conda/conda-bld/pytorch_1712608843393/work/aten/src/ATen/native/cuda/Indexing.cu:1289: indexSelectLargeIndex: block: [26,0,0], thread: [40,0,0] Assertion `srcIndex < srcSelectDimSize` failed.
/opt/conda/conda-bld/pytorch_1712608843393/work/aten/src/ATen/native/cuda/Indexing.cu:1289: indexSelectLargeIndex: block: [26,0,0], thread: [41,0,0] Assertion `srcIndex < srcSelectDimSize` failed.
/opt/conda/conda-bld/pytorch_1712608843393/work/aten/src/ATen/native/cuda/Indexing.cu:1289: indexSelectLargeIndex: block: [26,0,0], thread: [42,0,0] Assertion `srcIndex < srcSelectDimSize` failed.
/opt/conda/conda-bld/pytorch_1712608843393/work/aten/src/ATen/native/cuda/Indexing.cu:1289: indexSelectLargeIndex: block: [26,0,0], thread: [43,0,0] Assertion `srcIndex < srcSelectDimSize` failed.
/opt/conda/conda-bld/pytorch_1712608843393/work/aten/src/ATen/native/cuda/Indexing.cu:1289: indexSelectLargeIndex: block: [26,0,0], thread: [44,0,0] Assertion `srcIndex < srcSelectDimSize` failed.
/opt/conda/conda-bld/pytorch_1712608843393/work/aten/src/ATen/native/cuda/Indexing.cu:1289: indexSelectLargeIndex: block: [26,0,0], thread: [45,0,0] Assertion `srcIndex < srcSelectDimSize` failed.
/opt/conda/conda-bld/pytorch_1712608843393/work/aten/src/ATen/native/cuda/Indexing.cu:1289: indexSelectLargeIndex: block: [26,0,0], thread: [46,0,0] Assertion `srcIndex < srcSelectDimSize` failed.
/opt/conda/conda-bld/pytorch_1712608843393/work/aten/src/ATen/native/cuda/Indexing.cu:1289: indexSelectLargeIndex: block: [26,0,0], thread: [47,0,0] Assertion `srcIndex < srcSelectDimSize` failed.
/opt/conda/conda-bld/pytorch_1712608843393/work/aten/src/ATen/native/cuda/Indexing.cu:1289: indexSelectLargeIndex: block: [26,0,0], thread: [48,0,0] Assertion `srcIndex < srcSelectDimSize` failed.
/opt/conda/conda-bld/pytorch_1712608843393/work/aten/src/ATen/native/cuda/Indexing.cu:1289: indexSelectLargeIndex: block: [26,0,0], thread: [49,0,0] Assertion `srcIndex < srcSelectDimSize` failed.
/opt/conda/conda-bld/pytorch_1712608843393/work/aten/src/ATen/native/cuda/Indexing.cu:1289: indexSelectLargeIndex: block: [26,0,0], thread: [50,0,0] Assertion `srcIndex < srcSelectDimSize` failed.
/opt/conda/conda-bld/pytorch_1712608843393/work/aten/src/ATen/native/cuda/Indexing.cu:1289: indexSelectLargeIndex: block: [26,0,0], thread: [51,0,0] Assertion `srcIndex < srcSelectDimSize` failed.
/opt/conda/conda-bld/pytorch_1712608843393/work/aten/src/ATen/native/cuda/Indexing.cu:1289: indexSelectLargeIndex: block: [26,0,0], thread: [52,0,0] Assertion `srcIndex < srcSelectDimSize` failed.
/opt/conda/conda-bld/pytorch_1712608843393/work/aten/src/ATen/native/cuda/Indexing.cu:1289: indexSelectLargeIndex: block: [26,0,0], thread: [53,0,0] Assertion `srcIndex < srcSelectDimSize` failed.
/opt/conda/conda-bld/pytorch_1712608843393/work/aten/src/ATen/native/cuda/Indexing.cu:1289: indexSelectLargeIndex: block: [26,0,0], thread: [54,0,0] Assertion `srcIndex < srcSelectDimSize` failed.
/opt/conda/conda-bld/pytorch_1712608843393/work/aten/src/ATen/native/cuda/Indexing.cu:1289: indexSelectLargeIndex: block: [26,0,0], thread: [55,0,0] Assertion `srcIndex < srcSelectDimSize` failed.
/opt/conda/conda-bld/pytorch_1712608843393/work/aten/src/ATen/native/cuda/Indexing.cu:1289: indexSelectLargeIndex: block: [26,0,0], thread: [56,0,0] Assertion `srcIndex < srcSelectDimSize` failed.
/opt/conda/conda-bld/pytorch_1712608843393/work/aten/src/ATen/native/cuda/Indexing.cu:1289: indexSelectLargeIndex: block: [26,0,0], thread: [57,0,0] Assertion `srcIndex < srcSelectDimSize` failed.
/opt/conda/conda-bld/pytorch_1712608843393/work/aten/src/ATen/native/cuda/Indexing.cu:1289: indexSelectLargeIndex: block: [26,0,0], thread: [58,0,0] Assertion `srcIndex < srcSelectDimSize` failed.
/opt/conda/conda-bld/pytorch_1712608843393/work/aten/src/ATen/native/cuda/Indexing.cu:1289: indexSelectLargeIndex: block: [26,0,0], thread: [59,0,0] Assertion `srcIndex < srcSelectDimSize` failed.
/opt/conda/conda-bld/pytorch_1712608843393/work/aten/src/ATen/native/cuda/Indexing.cu:1289: indexSelectLargeIndex: block: [26,0,0], thread: [60,0,0] Assertion `srcIndex < srcSelectDimSize` failed.
/opt/conda/conda-bld/pytorch_1712608843393/work/aten/src/ATen/native/cuda/Indexing.cu:1289: indexSelectLargeIndex: block: [26,0,0], thread: [61,0,0] Assertion `srcIndex < srcSelectDimSize` failed.
/opt/conda/conda-bld/pytorch_1712608843393/work/aten/src/ATen/native/cuda/Indexing.cu:1289: indexSelectLargeIndex: block: [26,0,0], thread: [62,0,0] Assertion `srcIndex < srcSelectDimSize` failed.
/opt/conda/conda-bld/pytorch_1712608843393/work/aten/src/ATen/native/cuda/Indexing.cu:1289: indexSelectLargeIndex: block: [26,0,0], thread: [63,0,0] Assertion `srcIndex < srcSelectDimSize` failed.
  0%|                                           | 0/1 [00:00<?, ?it/s]
dl torch.Size([752])
dl type <class 'torch.Tensor'>
dldtype torch.int64
dl device cuda:0
x device cuda:0
Z torch.Size([752, 32])
Z type <class 'torch.Tensor'>
dl torch.Size([752, 32])
dl type <class 'torch.Tensor'>
dtype torch.float32
zdtype torch.float32
x torch.Size([752, 32])
x type <class 'torch.Tensor'>
xdtype torch.float32
Traceback (most recent call last):
  File "seal_link_pred.py", line 1323, in <module>
    loss = train()
  File "seal_link_pred.py", line 511, in train
    logits = model(data.z, data.edge_index, data.batch, dl, x, edge_weight, node_id)
  File "/grphome/grp_supplychainai/.conda/envs/sealenv/lib/python3.8/site-packages/torch/nn/modules/module.py", line 1532, in _wrapped_call_impl
    return self._call_impl(*args, **kwargs)
  File "/grphome/grp_supplychainai/.conda/envs/sealenv/lib/python3.8/site-packages/torch/nn/modules/module.py", line 1541, in _call_impl
    return forward_call(*args, **kwargs)
  File "/grphome/grp_supplychainai/SEAL_OGB/models.py", line 230, in forward
    x = torch.cat([dl_emb, x.to(torch.float)], 1)
RuntimeError: CUDA error: device-side assert triggered
CUDA kernel errors might be asynchronously reported at some other API call, so the stacktrace below might be incorrect.
For debugging consider passing CUDA_LAUNCH_BLOCKING=1.
Compile with `TORCH_USE_CUDA_DSA` to enable device-side assertions.

