Results will be saved in results/world_trade_1995_20240722160143
Command line input: python seal_link_pred.py --dataset world_trade_1995 --fast_split --num_hops 1 --use_feature --eval_steps 1 --runs 3 --epochs 10 --dynamic_train --dynamic_val --dynamic_test --train_percent 2 --val_percent 1 --test_percent 1 --use_dl
 is saved.
Data found, skipping download...
Path /grphome/grp_supplychainai/nobackup/archive/world_trade_seal_h1_drnl_rph10
Z torch.Size([6])
Z type <class 'torch.Tensor'>
dl torch.Size([6])
dl type <class 'torch.Tensor'>
Total number of parameters is 76482
SortPooling k is set to 27
  0%|                                           | 0/1 [00:00<?, ?it/s]/opt/conda/conda-bld/pytorch_1712608843393/work/aten/src/ATen/native/cuda/Indexing.cu:1289: indexSelectLargeIndex: block: [146,0,0], thread: [96,0,0] Assertion `srcIndex < srcSelectDimSize` failed.
/opt/conda/conda-bld/pytorch_1712608843393/work/aten/src/ATen/native/cuda/Indexing.cu:1289: indexSelectLargeIndex: block: [146,0,0], thread: [97,0,0] Assertion `srcIndex < srcSelectDimSize` failed.
/opt/conda/conda-bld/pytorch_1712608843393/work/aten/src/ATen/native/cuda/Indexing.cu:1289: indexSelectLargeIndex: block: [146,0,0], thread: [98,0,0] Assertion `srcIndex < srcSelectDimSize` failed.
/opt/conda/conda-bld/pytorch_1712608843393/work/aten/src/ATen/native/cuda/Indexing.cu:1289: indexSelectLargeIndex: block: [146,0,0], thread: [99,0,0] Assertion `srcIndex < srcSelectDimSize` failed.
/opt/conda/conda-bld/pytorch_1712608843393/work/aten/src/ATen/native/cuda/Indexing.cu:1289: indexSelectLargeIndex: block: [146,0,0], thread: [100,0,0] Assertion `srcIndex < srcSelectDimSize` failed.
/opt/conda/conda-bld/pytorch_1712608843393/work/aten/src/ATen/native/cuda/Indexing.cu:1289: indexSelectLargeIndex: block: [146,0,0], thread: [101,0,0] Assertion `srcIndex < srcSelectDimSize` failed.
/opt/conda/conda-bld/pytorch_1712608843393/work/aten/src/ATen/native/cuda/Indexing.cu:1289: indexSelectLargeIndex: block: [146,0,0], thread: [102,0,0] Assertion `srcIndex < srcSelectDimSize` failed.
/opt/conda/conda-bld/pytorch_1712608843393/work/aten/src/ATen/native/cuda/Indexing.cu:1289: indexSelectLargeIndex: block: [146,0,0], thread: [103,0,0] Assertion `srcIndex < srcSelectDimSize` failed.
/opt/conda/conda-bld/pytorch_1712608843393/work/aten/src/ATen/native/cuda/Indexing.cu:1289: indexSelectLargeIndex: block: [146,0,0], thread: [104,0,0] Assertion `srcIndex < srcSelectDimSize` failed.
/opt/conda/conda-bld/pytorch_1712608843393/work/aten/src/ATen/native/cuda/Indexing.cu:1289: indexSelectLargeIndex: block: [146,0,0], thread: [105,0,0] Assertion `srcIndex < srcSelectDimSize` failed.
/opt/conda/conda-bld/pytorch_1712608843393/work/aten/src/ATen/native/cuda/Indexing.cu:1289: indexSelectLargeIndex: block: [146,0,0], thread: [106,0,0] Assertion `srcIndex < srcSelectDimSize` failed.
/opt/conda/conda-bld/pytorch_1712608843393/work/aten/src/ATen/native/cuda/Indexing.cu:1289: indexSelectLargeIndex: block: [146,0,0], thread: [107,0,0] Assertion `srcIndex < srcSelectDimSize` failed.
/opt/conda/conda-bld/pytorch_1712608843393/work/aten/src/ATen/native/cuda/Indexing.cu:1289: indexSelectLargeIndex: block: [146,0,0], thread: [108,0,0] Assertion `srcIndex < srcSelectDimSize` failed.
/opt/conda/conda-bld/pytorch_1712608843393/work/aten/src/ATen/native/cuda/Indexing.cu:1289: indexSelectLargeIndex: block: [146,0,0], thread: [109,0,0] Assertion `srcIndex < srcSelectDimSize` failed.
/opt/conda/conda-bld/pytorch_1712608843393/work/aten/src/ATen/native/cuda/Indexing.cu:1289: indexSelectLargeIndex: block: [146,0,0], thread: [110,0,0] Assertion `srcIndex < srcSelectDimSize` failed.
/opt/conda/conda-bld/pytorch_1712608843393/work/aten/src/ATen/native/cuda/Indexing.cu:1289: indexSelectLargeIndex: block: [146,0,0], thread: [111,0,0] Assertion `srcIndex < srcSelectDimSize` failed.
/opt/conda/conda-bld/pytorch_1712608843393/work/aten/src/ATen/native/cuda/Indexing.cu:1289: indexSelectLargeIndex: block: [146,0,0], thread: [112,0,0] Assertion `srcIndex < srcSelectDimSize` failed.
/opt/conda/conda-bld/pytorch_1712608843393/work/aten/src/ATen/native/cuda/Indexing.cu:1289: indexSelectLargeIndex: block: [146,0,0], thread: [113,0,0] Assertion `srcIndex < srcSelectDimSize` failed.
/opt/conda/conda-bld/pytorch_1712608843393/work/aten/src/ATen/native/cuda/Indexing.cu:1289: indexSelectLargeIndex: block: [146,0,0], thread: [114,0,0] Assertion `srcIndex < srcSelectDimSize` failed.
/opt/conda/conda-bld/pytorch_1712608843393/work/aten/src/ATen/native/cuda/Indexing.cu:1289: indexSelectLargeIndex: block: [146,0,0], thread: [115,0,0] Assertion `srcIndex < srcSelectDimSize` failed.
/opt/conda/conda-bld/pytorch_1712608843393/work/aten/src/ATen/native/cuda/Indexing.cu:1289: indexSelectLargeIndex: block: [146,0,0], thread: [116,0,0] Assertion `srcIndex < srcSelectDimSize` failed.
/opt/conda/conda-bld/pytorch_1712608843393/work/aten/src/ATen/native/cuda/Indexing.cu:1289: indexSelectLargeIndex: block: [146,0,0], thread: [117,0,0] Assertion `srcIndex < srcSelectDimSize` failed.
/opt/conda/conda-bld/pytorch_1712608843393/work/aten/src/ATen/native/cuda/Indexing.cu:1289: indexSelectLargeIndex: block: [146,0,0], thread: [118,0,0] Assertion `srcIndex < srcSelectDimSize` failed.
/opt/conda/conda-bld/pytorch_1712608843393/work/aten/src/ATen/native/cuda/Indexing.cu:1289: indexSelectLargeIndex: block: [146,0,0], thread: [119,0,0] Assertion `srcIndex < srcSelectDimSize` failed.
/opt/conda/conda-bld/pytorch_1712608843393/work/aten/src/ATen/native/cuda/Indexing.cu:1289: indexSelectLargeIndex: block: [146,0,0], thread: [120,0,0] Assertion `srcIndex < srcSelectDimSize` failed.
/opt/conda/conda-bld/pytorch_1712608843393/work/aten/src/ATen/native/cuda/Indexing.cu:1289: indexSelectLargeIndex: block: [146,0,0], thread: [121,0,0] Assertion `srcIndex < srcSelectDimSize` failed.
/opt/conda/conda-bld/pytorch_1712608843393/work/aten/src/ATen/native/cuda/Indexing.cu:1289: indexSelectLargeIndex: block: [146,0,0], thread: [122,0,0] Assertion `srcIndex < srcSelectDimSize` failed.
/opt/conda/conda-bld/pytorch_1712608843393/work/aten/src/ATen/native/cuda/Indexing.cu:1289: indexSelectLargeIndex: block: [146,0,0], thread: [123,0,0] Assertion `srcIndex < srcSelectDimSize` failed.
/opt/conda/conda-bld/pytorch_1712608843393/work/aten/src/ATen/native/cuda/Indexing.cu:1289: indexSelectLargeIndex: block: [146,0,0], thread: [124,0,0] Assertion `srcIndex < srcSelectDimSize` failed.
/opt/conda/conda-bld/pytorch_1712608843393/work/aten/src/ATen/native/cuda/Indexing.cu:1289: indexSelectLargeIndex: block: [146,0,0], thread: [125,0,0] Assertion `srcIndex < srcSelectDimSize` failed.
/opt/conda/conda-bld/pytorch_1712608843393/work/aten/src/ATen/native/cuda/Indexing.cu:1289: indexSelectLargeIndex: block: [146,0,0], thread: [126,0,0] Assertion `srcIndex < srcSelectDimSize` failed.
/opt/conda/conda-bld/pytorch_1712608843393/work/aten/src/ATen/native/cuda/Indexing.cu:1289: indexSelectLargeIndex: block: [146,0,0], thread: [127,0,0] Assertion `srcIndex < srcSelectDimSize` failed.
/opt/conda/conda-bld/pytorch_1712608843393/work/aten/src/ATen/native/cuda/Indexing.cu:1289: indexSelectLargeIndex: block: [50,0,0], thread: [0,0,0] Assertion `srcIndex < srcSelectDimSize` failed.
/opt/conda/conda-bld/pytorch_1712608843393/work/aten/src/ATen/native/cuda/Indexing.cu:1289: indexSelectLargeIndex: block: [50,0,0], thread: [1,0,0] Assertion `srcIndex < srcSelectDimSize` failed.
/opt/conda/conda-bld/pytorch_1712608843393/work/aten/src/ATen/native/cuda/Indexing.cu:1289: indexSelectLargeIndex: block: [50,0,0], thread: [2,0,0] Assertion `srcIndex < srcSelectDimSize` failed.
/opt/conda/conda-bld/pytorch_1712608843393/work/aten/src/ATen/native/cuda/Indexing.cu:1289: indexSelectLargeIndex: block: [50,0,0], thread: [3,0,0] Assertion `srcIndex < srcSelectDimSize` failed.
/opt/conda/conda-bld/pytorch_1712608843393/work/aten/src/ATen/native/cuda/Indexing.cu:1289: indexSelectLargeIndex: block: [50,0,0], thread: [4,0,0] Assertion `srcIndex < srcSelectDimSize` failed.
/opt/conda/conda-bld/pytorch_1712608843393/work/aten/src/ATen/native/cuda/Indexing.cu:1289: indexSelectLargeIndex: block: [50,0,0], thread: [5,0,0] Assertion `srcIndex < srcSelectDimSize` failed.
/opt/conda/conda-bld/pytorch_1712608843393/work/aten/src/ATen/native/cuda/Indexing.cu:1289: indexSelectLargeIndex: block: [50,0,0], thread: [6,0,0] Assertion `srcIndex < srcSelectDimSize` failed.
/opt/conda/conda-bld/pytorch_1712608843393/work/aten/src/ATen/native/cuda/Indexing.cu:1289: indexSelectLargeIndex: block: [50,0,0], thread: [7,0,0] Assertion `srcIndex < srcSelectDimSize` failed.
/opt/conda/conda-bld/pytorch_1712608843393/work/aten/src/ATen/native/cuda/Indexing.cu:1289: indexSelectLargeIndex: block: [50,0,0], thread: [8,0,0] Assertion `srcIndex < srcSelectDimSize` failed.
/opt/conda/conda-bld/pytorch_1712608843393/work/aten/src/ATen/native/cuda/Indexing.cu:1289: indexSelectLargeIndex: block: [50,0,0], thread: [9,0,0] Assertion `srcIndex < srcSelectDimSize` failed.
/opt/conda/conda-bld/pytorch_1712608843393/work/aten/src/ATen/native/cuda/Indexing.cu:1289: indexSelectLargeIndex: block: [50,0,0], thread: [10,0,0] Assertion `srcIndex < srcSelectDimSize` failed.
/opt/conda/conda-bld/pytorch_1712608843393/work/aten/src/ATen/native/cuda/Indexing.cu:1289: indexSelectLargeIndex: block: [50,0,0], thread: [11,0,0] Assertion `srcIndex < srcSelectDimSize` failed.
/opt/conda/conda-bld/pytorch_1712608843393/work/aten/src/ATen/native/cuda/Indexing.cu:1289: indexSelectLargeIndex: block: [50,0,0], thread: [12,0,0] Assertion `srcIndex < srcSelectDimSize` failed.
/opt/conda/conda-bld/pytorch_1712608843393/work/aten/src/ATen/native/cuda/Indexing.cu:1289: indexSelectLargeIndex: block: [50,0,0], thread: [13,0,0] Assertion `srcIndex < srcSelectDimSize` failed.
/opt/conda/conda-bld/pytorch_1712608843393/work/aten/src/ATen/native/cuda/Indexing.cu:1289: indexSelectLargeIndex: block: [50,0,0], thread: [14,0,0] Assertion `srcIndex < srcSelectDimSize` failed.
/opt/conda/conda-bld/pytorch_1712608843393/work/aten/src/ATen/native/cuda/Indexing.cu:1289: indexSelectLargeIndex: block: [50,0,0], thread: [15,0,0] Assertion `srcIndex < srcSelectDimSize` failed.
/opt/conda/conda-bld/pytorch_1712608843393/work/aten/src/ATen/native/cuda/Indexing.cu:1289: indexSelectLargeIndex: block: [50,0,0], thread: [16,0,0] Assertion `srcIndex < srcSelectDimSize` failed.
/opt/conda/conda-bld/pytorch_1712608843393/work/aten/src/ATen/native/cuda/Indexing.cu:1289: indexSelectLargeIndex: block: [50,0,0], thread: [17,0,0] Assertion `srcIndex < srcSelectDimSize` failed.
/opt/conda/conda-bld/pytorch_1712608843393/work/aten/src/ATen/native/cuda/Indexing.cu:1289: indexSelectLargeIndex: block: [50,0,0], thread: [18,0,0] Assertion `srcIndex < srcSelectDimSize` failed.
/opt/conda/conda-bld/pytorch_1712608843393/work/aten/src/ATen/native/cuda/Indexing.cu:1289: indexSelectLargeIndex: block: [50,0,0], thread: [19,0,0] Assertion `srcIndex < srcSelectDimSize` failed.
/opt/conda/conda-bld/pytorch_1712608843393/work/aten/src/ATen/native/cuda/Indexing.cu:1289: indexSelectLargeIndex: block: [50,0,0], thread: [20,0,0] Assertion `srcIndex < srcSelectDimSize` failed.
/opt/conda/conda-bld/pytorch_1712608843393/work/aten/src/ATen/native/cuda/Indexing.cu:1289: indexSelectLargeIndex: block: [50,0,0], thread: [21,0,0] Assertion `srcIndex < srcSelectDimSize` failed.
/opt/conda/conda-bld/pytorch_1712608843393/work/aten/src/ATen/native/cuda/Indexing.cu:1289: indexSelectLargeIndex: block: [50,0,0], thread: [22,0,0] Assertion `srcIndex < srcSelectDimSize` failed.
/opt/conda/conda-bld/pytorch_1712608843393/work/aten/src/ATen/native/cuda/Indexing.cu:1289: indexSelectLargeIndex: block: [50,0,0], thread: [23,0,0] Assertion `srcIndex < srcSelectDimSize` failed.
/opt/conda/conda-bld/pytorch_1712608843393/work/aten/src/ATen/native/cuda/Indexing.cu:1289: indexSelectLargeIndex: block: [50,0,0], thread: [24,0,0] Assertion `srcIndex < srcSelectDimSize` failed.
/opt/conda/conda-bld/pytorch_1712608843393/work/aten/src/ATen/native/cuda/Indexing.cu:1289: indexSelectLargeIndex: block: [50,0,0], thread: [25,0,0] Assertion `srcIndex < srcSelectDimSize` failed.
/opt/conda/conda-bld/pytorch_1712608843393/work/aten/src/ATen/native/cuda/Indexing.cu:1289: indexSelectLargeIndex: block: [50,0,0], thread: [26,0,0] Assertion `srcIndex < srcSelectDimSize` failed.
/opt/conda/conda-bld/pytorch_1712608843393/work/aten/src/ATen/native/cuda/Indexing.cu:1289: indexSelectLargeIndex: block: [50,0,0], thread: [27,0,0] Assertion `srcIndex < srcSelectDimSize` failed.
/opt/conda/conda-bld/pytorch_1712608843393/work/aten/src/ATen/native/cuda/Indexing.cu:1289: indexSelectLargeIndex: block: [50,0,0], thread: [28,0,0] Assertion `srcIndex < srcSelectDimSize` failed.
/opt/conda/conda-bld/pytorch_1712608843393/work/aten/src/ATen/native/cuda/Indexing.cu:1289: indexSelectLargeIndex: block: [50,0,0], thread: [29,0,0] Assertion `srcIndex < srcSelectDimSize` failed.
/opt/conda/conda-bld/pytorch_1712608843393/work/aten/src/ATen/native/cuda/Indexing.cu:1289: indexSelectLargeIndex: block: [50,0,0], thread: [30,0,0] Assertion `srcIndex < srcSelectDimSize` failed.
/opt/conda/conda-bld/pytorch_1712608843393/work/aten/src/ATen/native/cuda/Indexing.cu:1289: indexSelectLargeIndex: block: [50,0,0], thread: [31,0,0] Assertion `srcIndex < srcSelectDimSize` failed.
/opt/conda/conda-bld/pytorch_1712608843393/work/aten/src/ATen/native/cuda/Indexing.cu:1289: indexSelectLargeIndex: block: [96,0,0], thread: [0,0,0] Assertion `srcIndex < srcSelectDimSize` failed.
/opt/conda/conda-bld/pytorch_1712608843393/work/aten/src/ATen/native/cuda/Indexing.cu:1289: indexSelectLargeIndex: block: [96,0,0], thread: [1,0,0] Assertion `srcIndex < srcSelectDimSize` failed.
/opt/conda/conda-bld/pytorch_1712608843393/work/aten/src/ATen/native/cuda/Indexing.cu:1289: indexSelectLargeIndex: block: [96,0,0], thread: [2,0,0] Assertion `srcIndex < srcSelectDimSize` failed.
/opt/conda/conda-bld/pytorch_1712608843393/work/aten/src/ATen/native/cuda/Indexing.cu:1289: indexSelectLargeIndex: block: [96,0,0], thread: [3,0,0] Assertion `srcIndex < srcSelectDimSize` failed.
/opt/conda/conda-bld/pytorch_1712608843393/work/aten/src/ATen/native/cuda/Indexing.cu:1289: indexSelectLargeIndex: block: [96,0,0], thread: [4,0,0] Assertion `srcIndex < srcSelectDimSize` failed.
/opt/conda/conda-bld/pytorch_1712608843393/work/aten/src/ATen/native/cuda/Indexing.cu:1289: indexSelectLargeIndex: block: [96,0,0], thread: [5,0,0] Assertion `srcIndex < srcSelectDimSize` failed.
/opt/conda/conda-bld/pytorch_1712608843393/work/aten/src/ATen/native/cuda/Indexing.cu:1289: indexSelectLargeIndex: block: [96,0,0], thread: [6,0,0] Assertion `srcIndex < srcSelectDimSize` failed.
/opt/conda/conda-bld/pytorch_1712608843393/work/aten/src/ATen/native/cuda/Indexing.cu:1289: indexSelectLargeIndex: block: [96,0,0], thread: [7,0,0] Assertion `srcIndex < srcSelectDimSize` failed.
/opt/conda/conda-bld/pytorch_1712608843393/work/aten/src/ATen/native/cuda/Indexing.cu:1289: indexSelectLargeIndex: block: [96,0,0], thread: [8,0,0] Assertion `srcIndex < srcSelectDimSize` failed.
/opt/conda/conda-bld/pytorch_1712608843393/work/aten/src/ATen/native/cuda/Indexing.cu:1289: indexSelectLargeIndex: block: [96,0,0], thread: [9,0,0] Assertion `srcIndex < srcSelectDimSize` failed.
/opt/conda/conda-bld/pytorch_1712608843393/work/aten/src/ATen/native/cuda/Indexing.cu:1289: indexSelectLargeIndex: block: [96,0,0], thread: [10,0,0] Assertion `srcIndex < srcSelectDimSize` failed.
/opt/conda/conda-bld/pytorch_1712608843393/work/aten/src/ATen/native/cuda/Indexing.cu:1289: indexSelectLargeIndex: block: [96,0,0], thread: [11,0,0] Assertion `srcIndex < srcSelectDimSize` failed.
/opt/conda/conda-bld/pytorch_1712608843393/work/aten/src/ATen/native/cuda/Indexing.cu:1289: indexSelectLargeIndex: block: [96,0,0], thread: [12,0,0] Assertion `srcIndex < srcSelectDimSize` failed.
/opt/conda/conda-bld/pytorch_1712608843393/work/aten/src/ATen/native/cuda/Indexing.cu:1289: indexSelectLargeIndex: block: [96,0,0], thread: [13,0,0] Assertion `srcIndex < srcSelectDimSize` failed.
/opt/conda/conda-bld/pytorch_1712608843393/work/aten/src/ATen/native/cuda/Indexing.cu:1289: indexSelectLargeIndex: block: [96,0,0], thread: [14,0,0] Assertion `srcIndex < srcSelectDimSize` failed.
/opt/conda/conda-bld/pytorch_1712608843393/work/aten/src/ATen/native/cuda/Indexing.cu:1289: indexSelectLargeIndex: block: [96,0,0], thread: [15,0,0] Assertion `srcIndex < srcSelectDimSize` failed.
/opt/conda/conda-bld/pytorch_1712608843393/work/aten/src/ATen/native/cuda/Indexing.cu:1289: indexSelectLargeIndex: block: [96,0,0], thread: [16,0,0] Assertion `srcIndex < srcSelectDimSize` failed.
/opt/conda/conda-bld/pytorch_1712608843393/work/aten/src/ATen/native/cuda/Indexing.cu:1289: indexSelectLargeIndex: block: [96,0,0], thread: [17,0,0] Assertion `srcIndex < srcSelectDimSize` failed.
/opt/conda/conda-bld/pytorch_1712608843393/work/aten/src/ATen/native/cuda/Indexing.cu:1289: indexSelectLargeIndex: block: [96,0,0], thread: [18,0,0] Assertion `srcIndex < srcSelectDimSize` failed.
/opt/conda/conda-bld/pytorch_1712608843393/work/aten/src/ATen/native/cuda/Indexing.cu:1289: indexSelectLargeIndex: block: [96,0,0], thread: [19,0,0] Assertion `srcIndex < srcSelectDimSize` failed.
/opt/conda/conda-bld/pytorch_1712608843393/work/aten/src/ATen/native/cuda/Indexing.cu:1289: indexSelectLargeIndex: block: [96,0,0], thread: [20,0,0] Assertion `srcIndex < srcSelectDimSize` failed.
/opt/conda/conda-bld/pytorch_1712608843393/work/aten/src/ATen/native/cuda/Indexing.cu:1289: indexSelectLargeIndex: block: [96,0,0], thread: [21,0,0] Assertion `srcIndex < srcSelectDimSize` failed.
/opt/conda/conda-bld/pytorch_1712608843393/work/aten/src/ATen/native/cuda/Indexing.cu:1289: indexSelectLargeIndex: block: [96,0,0], thread: [22,0,0] Assertion `srcIndex < srcSelectDimSize` failed.
/opt/conda/conda-bld/pytorch_1712608843393/work/aten/src/ATen/native/cuda/Indexing.cu:1289: indexSelectLargeIndex: block: [96,0,0], thread: [23,0,0] Assertion `srcIndex < srcSelectDimSize` failed.
/opt/conda/conda-bld/pytorch_1712608843393/work/aten/src/ATen/native/cuda/Indexing.cu:1289: indexSelectLargeIndex: block: [96,0,0], thread: [24,0,0] Assertion `srcIndex < srcSelectDimSize` failed.
/opt/conda/conda-bld/pytorch_1712608843393/work/aten/src/ATen/native/cuda/Indexing.cu:1289: indexSelectLargeIndex: block: [96,0,0], thread: [25,0,0] Assertion `srcIndex < srcSelectDimSize` failed.
/opt/conda/conda-bld/pytorch_1712608843393/work/aten/src/ATen/native/cuda/Indexing.cu:1289: indexSelectLargeIndex: block: [96,0,0], thread: [26,0,0] Assertion `srcIndex < srcSelectDimSize` failed.
/opt/conda/conda-bld/pytorch_1712608843393/work/aten/src/ATen/native/cuda/Indexing.cu:1289: indexSelectLargeIndex: block: [96,0,0], thread: [27,0,0] Assertion `srcIndex < srcSelectDimSize` failed.
/opt/conda/conda-bld/pytorch_1712608843393/work/aten/src/ATen/native/cuda/Indexing.cu:1289: indexSelectLargeIndex: block: [96,0,0], thread: [28,0,0] Assertion `srcIndex < srcSelectDimSize` failed.
/opt/conda/conda-bld/pytorch_1712608843393/work/aten/src/ATen/native/cuda/Indexing.cu:1289: indexSelectLargeIndex: block: [96,0,0], thread: [29,0,0] Assertion `srcIndex < srcSelectDimSize` failed.
/opt/conda/conda-bld/pytorch_1712608843393/work/aten/src/ATen/native/cuda/Indexing.cu:1289: indexSelectLargeIndex: block: [96,0,0], thread: [30,0,0] Assertion `srcIndex < srcSelectDimSize` failed.
/opt/conda/conda-bld/pytorch_1712608843393/work/aten/src/ATen/native/cuda/Indexing.cu:1289: indexSelectLargeIndex: block: [96,0,0], thread: [31,0,0] Assertion `srcIndex < srcSelectDimSize` failed.
/opt/conda/conda-bld/pytorch_1712608843393/work/aten/src/ATen/native/cuda/Indexing.cu:1289: indexSelectLargeIndex: block: [16,0,0], thread: [0,0,0] Assertion `srcIndex < srcSelectDimSize` failed.
/opt/conda/conda-bld/pytorch_1712608843393/work/aten/src/ATen/native/cuda/Indexing.cu:1289: indexSelectLargeIndex: block: [16,0,0], thread: [1,0,0] Assertion `srcIndex < srcSelectDimSize` failed.
/opt/conda/conda-bld/pytorch_1712608843393/work/aten/src/ATen/native/cuda/Indexing.cu:1289: indexSelectLargeIndex: block: [16,0,0], thread: [2,0,0] Assertion `srcIndex < srcSelectDimSize` failed.
/opt/conda/conda-bld/pytorch_1712608843393/work/aten/src/ATen/native/cuda/Indexing.cu:1289: indexSelectLargeIndex: block: [16,0,0], thread: [3,0,0] Assertion `srcIndex < srcSelectDimSize` failed.
/opt/conda/conda-bld/pytorch_1712608843393/work/aten/src/ATen/native/cuda/Indexing.cu:1289: indexSelectLargeIndex: block: [16,0,0], thread: [4,0,0] Assertion `srcIndex < srcSelectDimSize` failed.
/opt/conda/conda-bld/pytorch_1712608843393/work/aten/src/ATen/native/cuda/Indexing.cu:1289: indexSelectLargeIndex: block: [16,0,0], thread: [5,0,0] Assertion `srcIndex < srcSelectDimSize` failed.
/opt/conda/conda-bld/pytorch_1712608843393/work/aten/src/ATen/native/cuda/Indexing.cu:1289: indexSelectLargeIndex: block: [16,0,0], thread: [6,0,0] Assertion `srcIndex < srcSelectDimSize` failed.
/opt/conda/conda-bld/pytorch_1712608843393/work/aten/src/ATen/native/cuda/Indexing.cu:1289: indexSelectLargeIndex: block: [16,0,0], thread: [7,0,0] Assertion `srcIndex < srcSelectDimSize` failed.
/opt/conda/conda-bld/pytorch_1712608843393/work/aten/src/ATen/native/cuda/Indexing.cu:1289: indexSelectLargeIndex: block: [16,0,0], thread: [8,0,0] Assertion `srcIndex < srcSelectDimSize` failed.
/opt/conda/conda-bld/pytorch_1712608843393/work/aten/src/ATen/native/cuda/Indexing.cu:1289: indexSelectLargeIndex: block: [16,0,0], thread: [9,0,0] Assertion `srcIndex < srcSelectDimSize` failed.
/opt/conda/conda-bld/pytorch_1712608843393/work/aten/src/ATen/native/cuda/Indexing.cu:1289: indexSelectLargeIndex: block: [16,0,0], thread: [10,0,0] Assertion `srcIndex < srcSelectDimSize` failed.
/opt/conda/conda-bld/pytorch_1712608843393/work/aten/src/ATen/native/cuda/Indexing.cu:1289: indexSelectLargeIndex: block: [16,0,0], thread: [11,0,0] Assertion `srcIndex < srcSelectDimSize` failed.
/opt/conda/conda-bld/pytorch_1712608843393/work/aten/src/ATen/native/cuda/Indexing.cu:1289: indexSelectLargeIndex: block: [16,0,0], thread: [12,0,0] Assertion `srcIndex < srcSelectDimSize` failed.
/opt/conda/conda-bld/pytorch_1712608843393/work/aten/src/ATen/native/cuda/Indexing.cu:1289: indexSelectLargeIndex: block: [16,0,0], thread: [13,0,0] Assertion `srcIndex < srcSelectDimSize` failed.
/opt/conda/conda-bld/pytorch_1712608843393/work/aten/src/ATen/native/cuda/Indexing.cu:1289: indexSelectLargeIndex: block: [16,0,0], thread: [14,0,0] Assertion `srcIndex < srcSelectDimSize` failed.
/opt/conda/conda-bld/pytorch_1712608843393/work/aten/src/ATen/native/cuda/Indexing.cu:1289: indexSelectLargeIndex: block: [16,0,0], thread: [15,0,0] Assertion `srcIndex < srcSelectDimSize` failed.
/opt/conda/conda-bld/pytorch_1712608843393/work/aten/src/ATen/native/cuda/Indexing.cu:1289: indexSelectLargeIndex: block: [16,0,0], thread: [16,0,0] Assertion `srcIndex < srcSelectDimSize` failed.
/opt/conda/conda-bld/pytorch_1712608843393/work/aten/src/ATen/native/cuda/Indexing.cu:1289: indexSelectLargeIndex: block: [16,0,0], thread: [17,0,0] Assertion `srcIndex < srcSelectDimSize` failed.
/opt/conda/conda-bld/pytorch_1712608843393/work/aten/src/ATen/native/cuda/Indexing.cu:1289: indexSelectLargeIndex: block: [16,0,0], thread: [18,0,0] Assertion `srcIndex < srcSelectDimSize` failed.
/opt/conda/conda-bld/pytorch_1712608843393/work/aten/src/ATen/native/cuda/Indexing.cu:1289: indexSelectLargeIndex: block: [16,0,0], thread: [19,0,0] Assertion `srcIndex < srcSelectDimSize` failed.
/opt/conda/conda-bld/pytorch_1712608843393/work/aten/src/ATen/native/cuda/Indexing.cu:1289: indexSelectLargeIndex: block: [16,0,0], thread: [20,0,0] Assertion `srcIndex < srcSelectDimSize` failed.
/opt/conda/conda-bld/pytorch_1712608843393/work/aten/src/ATen/native/cuda/Indexing.cu:1289: indexSelectLargeIndex: block: [16,0,0], thread: [21,0,0] Assertion `srcIndex < srcSelectDimSize` failed.
/opt/conda/conda-bld/pytorch_1712608843393/work/aten/src/ATen/native/cuda/Indexing.cu:1289: indexSelectLargeIndex: block: [16,0,0], thread: [22,0,0] Assertion `srcIndex < srcSelectDimSize` failed.
/opt/conda/conda-bld/pytorch_1712608843393/work/aten/src/ATen/native/cuda/Indexing.cu:1289: indexSelectLargeIndex: block: [16,0,0], thread: [23,0,0] Assertion `srcIndex < srcSelectDimSize` failed.
/opt/conda/conda-bld/pytorch_1712608843393/work/aten/src/ATen/native/cuda/Indexing.cu:1289: indexSelectLargeIndex: block: [16,0,0], thread: [24,0,0] Assertion `srcIndex < srcSelectDimSize` failed.
/opt/conda/conda-bld/pytorch_1712608843393/work/aten/src/ATen/native/cuda/Indexing.cu:1289: indexSelectLargeIndex: block: [16,0,0], thread: [25,0,0] Assertion `srcIndex < srcSelectDimSize` failed.
/opt/conda/conda-bld/pytorch_1712608843393/work/aten/src/ATen/native/cuda/Indexing.cu:1289: indexSelectLargeIndex: block: [16,0,0], thread: [26,0,0] Assertion `srcIndex < srcSelectDimSize` failed.
/opt/conda/conda-bld/pytorch_1712608843393/work/aten/src/ATen/native/cuda/Indexing.cu:1289: indexSelectLargeIndex: block: [16,0,0], thread: [27,0,0] Assertion `srcIndex < srcSelectDimSize` failed.
/opt/conda/conda-bld/pytorch_1712608843393/work/aten/src/ATen/native/cuda/Indexing.cu:1289: indexSelectLargeIndex: block: [16,0,0], thread: [28,0,0] Assertion `srcIndex < srcSelectDimSize` failed.
/opt/conda/conda-bld/pytorch_1712608843393/work/aten/src/ATen/native/cuda/Indexing.cu:1289: indexSelectLargeIndex: block: [16,0,0], thread: [29,0,0] Assertion `srcIndex < srcSelectDimSize` failed.
/opt/conda/conda-bld/pytorch_1712608843393/work/aten/src/ATen/native/cuda/Indexing.cu:1289: indexSelectLargeIndex: block: [16,0,0], thread: [30,0,0] Assertion `srcIndex < srcSelectDimSize` failed.
/opt/conda/conda-bld/pytorch_1712608843393/work/aten/src/ATen/native/cuda/Indexing.cu:1289: indexSelectLargeIndex: block: [16,0,0], thread: [31,0,0] Assertion `srcIndex < srcSelectDimSize` failed.
/opt/conda/conda-bld/pytorch_1712608843393/work/aten/src/ATen/native/cuda/Indexing.cu:1289: indexSelectLargeIndex: block: [16,0,0], thread: [32,0,0] Assertion `srcIndex < srcSelectDimSize` failed.
/opt/conda/conda-bld/pytorch_1712608843393/work/aten/src/ATen/native/cuda/Indexing.cu:1289: indexSelectLargeIndex: block: [16,0,0], thread: [33,0,0] Assertion `srcIndex < srcSelectDimSize` failed.
/opt/conda/conda-bld/pytorch_1712608843393/work/aten/src/ATen/native/cuda/Indexing.cu:1289: indexSelectLargeIndex: block: [16,0,0], thread: [34,0,0] Assertion `srcIndex < srcSelectDimSize` failed.
/opt/conda/conda-bld/pytorch_1712608843393/work/aten/src/ATen/native/cuda/Indexing.cu:1289: indexSelectLargeIndex: block: [16,0,0], thread: [35,0,0] Assertion `srcIndex < srcSelectDimSize` failed.
/opt/conda/conda-bld/pytorch_1712608843393/work/aten/src/ATen/native/cuda/Indexing.cu:1289: indexSelectLargeIndex: block: [16,0,0], thread: [36,0,0] Assertion `srcIndex < srcSelectDimSize` failed.
/opt/conda/conda-bld/pytorch_1712608843393/work/aten/src/ATen/native/cuda/Indexing.cu:1289: indexSelectLargeIndex: block: [16,0,0], thread: [37,0,0] Assertion `srcIndex < srcSelectDimSize` failed.
/opt/conda/conda-bld/pytorch_1712608843393/work/aten/src/ATen/native/cuda/Indexing.cu:1289: indexSelectLargeIndex: block: [16,0,0], thread: [38,0,0] Assertion `srcIndex < srcSelectDimSize` failed.
/opt/conda/conda-bld/pytorch_1712608843393/work/aten/src/ATen/native/cuda/Indexing.cu:1289: indexSelectLargeIndex: block: [16,0,0], thread: [39,0,0] Assertion `srcIndex < srcSelectDimSize` failed.
/opt/conda/conda-bld/pytorch_1712608843393/work/aten/src/ATen/native/cuda/Indexing.cu:1289: indexSelectLargeIndex: block: [16,0,0], thread: [40,0,0] Assertion `srcIndex < srcSelectDimSize` failed.
/opt/conda/conda-bld/pytorch_1712608843393/work/aten/src/ATen/native/cuda/Indexing.cu:1289: indexSelectLargeIndex: block: [16,0,0], thread: [41,0,0] Assertion `srcIndex < srcSelectDimSize` failed.
/opt/conda/conda-bld/pytorch_1712608843393/work/aten/src/ATen/native/cuda/Indexing.cu:1289: indexSelectLargeIndex: block: [16,0,0], thread: [42,0,0] Assertion `srcIndex < srcSelectDimSize` failed.
/opt/conda/conda-bld/pytorch_1712608843393/work/aten/src/ATen/native/cuda/Indexing.cu:1289: indexSelectLargeIndex: block: [16,0,0], thread: [43,0,0] Assertion `srcIndex < srcSelectDimSize` failed.
/opt/conda/conda-bld/pytorch_1712608843393/work/aten/src/ATen/native/cuda/Indexing.cu:1289: indexSelectLargeIndex: block: [16,0,0], thread: [44,0,0] Assertion `srcIndex < srcSelectDimSize` failed.
/opt/conda/conda-bld/pytorch_1712608843393/work/aten/src/ATen/native/cuda/Indexing.cu:1289: indexSelectLargeIndex: block: [16,0,0], thread: [45,0,0] Assertion `srcIndex < srcSelectDimSize` failed.
/opt/conda/conda-bld/pytorch_1712608843393/work/aten/src/ATen/native/cuda/Indexing.cu:1289: indexSelectLargeIndex: block: [16,0,0], thread: [46,0,0] Assertion `srcIndex < srcSelectDimSize` failed.
/opt/conda/conda-bld/pytorch_1712608843393/work/aten/src/ATen/native/cuda/Indexing.cu:1289: indexSelectLargeIndex: block: [16,0,0], thread: [47,0,0] Assertion `srcIndex < srcSelectDimSize` failed.
/opt/conda/conda-bld/pytorch_1712608843393/work/aten/src/ATen/native/cuda/Indexing.cu:1289: indexSelectLargeIndex: block: [16,0,0], thread: [48,0,0] Assertion `srcIndex < srcSelectDimSize` failed.
/opt/conda/conda-bld/pytorch_1712608843393/work/aten/src/ATen/native/cuda/Indexing.cu:1289: indexSelectLargeIndex: block: [16,0,0], thread: [49,0,0] Assertion `srcIndex < srcSelectDimSize` failed.
/opt/conda/conda-bld/pytorch_1712608843393/work/aten/src/ATen/native/cuda/Indexing.cu:1289: indexSelectLargeIndex: block: [16,0,0], thread: [50,0,0] Assertion `srcIndex < srcSelectDimSize` failed.
/opt/conda/conda-bld/pytorch_1712608843393/work/aten/src/ATen/native/cuda/Indexing.cu:1289: indexSelectLargeIndex: block: [16,0,0], thread: [51,0,0] Assertion `srcIndex < srcSelectDimSize` failed.
/opt/conda/conda-bld/pytorch_1712608843393/work/aten/src/ATen/native/cuda/Indexing.cu:1289: indexSelectLargeIndex: block: [16,0,0], thread: [52,0,0] Assertion `srcIndex < srcSelectDimSize` failed.
/opt/conda/conda-bld/pytorch_1712608843393/work/aten/src/ATen/native/cuda/Indexing.cu:1289: indexSelectLargeIndex: block: [16,0,0], thread: [53,0,0] Assertion `srcIndex < srcSelectDimSize` failed.
/opt/conda/conda-bld/pytorch_1712608843393/work/aten/src/ATen/native/cuda/Indexing.cu:1289: indexSelectLargeIndex: block: [16,0,0], thread: [54,0,0] Assertion `srcIndex < srcSelectDimSize` failed.
/opt/conda/conda-bld/pytorch_1712608843393/work/aten/src/ATen/native/cuda/Indexing.cu:1289: indexSelectLargeIndex: block: [16,0,0], thread: [55,0,0] Assertion `srcIndex < srcSelectDimSize` failed.
/opt/conda/conda-bld/pytorch_1712608843393/work/aten/src/ATen/native/cuda/Indexing.cu:1289: indexSelectLargeIndex: block: [16,0,0], thread: [56,0,0] Assertion `srcIndex < srcSelectDimSize` failed.
/opt/conda/conda-bld/pytorch_1712608843393/work/aten/src/ATen/native/cuda/Indexing.cu:1289: indexSelectLargeIndex: block: [16,0,0], thread: [57,0,0] Assertion `srcIndex < srcSelectDimSize` failed.
/opt/conda/conda-bld/pytorch_1712608843393/work/aten/src/ATen/native/cuda/Indexing.cu:1289: indexSelectLargeIndex: block: [16,0,0], thread: [58,0,0] Assertion `srcIndex < srcSelectDimSize` failed.
/opt/conda/conda-bld/pytorch_1712608843393/work/aten/src/ATen/native/cuda/Indexing.cu:1289: indexSelectLargeIndex: block: [16,0,0], thread: [59,0,0] Assertion `srcIndex < srcSelectDimSize` failed.
/opt/conda/conda-bld/pytorch_1712608843393/work/aten/src/ATen/native/cuda/Indexing.cu:1289: indexSelectLargeIndex: block: [16,0,0], thread: [60,0,0] Assertion `srcIndex < srcSelectDimSize` failed.
/opt/conda/conda-bld/pytorch_1712608843393/work/aten/src/ATen/native/cuda/Indexing.cu:1289: indexSelectLargeIndex: block: [16,0,0], thread: [61,0,0] Assertion `srcIndex < srcSelectDimSize` failed.
/opt/conda/conda-bld/pytorch_1712608843393/work/aten/src/ATen/native/cuda/Indexing.cu:1289: indexSelectLargeIndex: block: [16,0,0], thread: [62,0,0] Assertion `srcIndex < srcSelectDimSize` failed.
/opt/conda/conda-bld/pytorch_1712608843393/work/aten/src/ATen/native/cuda/Indexing.cu:1289: indexSelectLargeIndex: block: [16,0,0], thread: [63,0,0] Assertion `srcIndex < srcSelectDimSize` failed.
/opt/conda/conda-bld/pytorch_1712608843393/work/aten/src/ATen/native/cuda/Indexing.cu:1289: indexSelectLargeIndex: block: [14,0,0], thread: [96,0,0] Assertion `srcIndex < srcSelectDimSize` failed.
/opt/conda/conda-bld/pytorch_1712608843393/work/aten/src/ATen/native/cuda/Indexing.cu:1289: indexSelectLargeIndex: block: [14,0,0], thread: [97,0,0] Assertion `srcIndex < srcSelectDimSize` failed.
/opt/conda/conda-bld/pytorch_1712608843393/work/aten/src/ATen/native/cuda/Indexing.cu:1289: indexSelectLargeIndex: block: [14,0,0], thread: [98,0,0] Assertion `srcIndex < srcSelectDimSize` failed.
/opt/conda/conda-bld/pytorch_1712608843393/work/aten/src/ATen/native/cuda/Indexing.cu:1289: indexSelectLargeIndex: block: [14,0,0], thread: [99,0,0] Assertion `srcIndex < srcSelectDimSize` failed.
/opt/conda/conda-bld/pytorch_1712608843393/work/aten/src/ATen/native/cuda/Indexing.cu:1289: indexSelectLargeIndex: block: [14,0,0], thread: [100,0,0] Assertion `srcIndex < srcSelectDimSize` failed.
/opt/conda/conda-bld/pytorch_1712608843393/work/aten/src/ATen/native/cuda/Indexing.cu:1289: indexSelectLargeIndex: block: [14,0,0], thread: [101,0,0] Assertion `srcIndex < srcSelectDimSize` failed.
/opt/conda/conda-bld/pytorch_1712608843393/work/aten/src/ATen/native/cuda/Indexing.cu:1289: indexSelectLargeIndex: block: [14,0,0], thread: [102,0,0] Assertion `srcIndex < srcSelectDimSize` failed.
/opt/conda/conda-bld/pytorch_1712608843393/work/aten/src/ATen/native/cuda/Indexing.cu:1289: indexSelectLargeIndex: block: [14,0,0], thread: [103,0,0] Assertion `srcIndex < srcSelectDimSize` failed.
/opt/conda/conda-bld/pytorch_1712608843393/work/aten/src/ATen/native/cuda/Indexing.cu:1289: indexSelectLargeIndex: block: [14,0,0], thread: [104,0,0] Assertion `srcIndex < srcSelectDimSize` failed.
/opt/conda/conda-bld/pytorch_1712608843393/work/aten/src/ATen/native/cuda/Indexing.cu:1289: indexSelectLargeIndex: block: [14,0,0], thread: [105,0,0] Assertion `srcIndex < srcSelectDimSize` failed.
/opt/conda/conda-bld/pytorch_1712608843393/work/aten/src/ATen/native/cuda/Indexing.cu:1289: indexSelectLargeIndex: block: [14,0,0], thread: [106,0,0] Assertion `srcIndex < srcSelectDimSize` failed.
/opt/conda/conda-bld/pytorch_1712608843393/work/aten/src/ATen/native/cuda/Indexing.cu:1289: indexSelectLargeIndex: block: [14,0,0], thread: [107,0,0] Assertion `srcIndex < srcSelectDimSize` failed.
/opt/conda/conda-bld/pytorch_1712608843393/work/aten/src/ATen/native/cuda/Indexing.cu:1289: indexSelectLargeIndex: block: [14,0,0], thread: [108,0,0] Assertion `srcIndex < srcSelectDimSize` failed.
/opt/conda/conda-bld/pytorch_1712608843393/work/aten/src/ATen/native/cuda/Indexing.cu:1289: indexSelectLargeIndex: block: [14,0,0], thread: [109,0,0] Assertion `srcIndex < srcSelectDimSize` failed.
/opt/conda/conda-bld/pytorch_1712608843393/work/aten/src/ATen/native/cuda/Indexing.cu:1289: indexSelectLargeIndex: block: [14,0,0], thread: [110,0,0] Assertion `srcIndex < srcSelectDimSize` failed.
/opt/conda/conda-bld/pytorch_1712608843393/work/aten/src/ATen/native/cuda/Indexing.cu:1289: indexSelectLargeIndex: block: [14,0,0], thread: [111,0,0] Assertion `srcIndex < srcSelectDimSize` failed.
/opt/conda/conda-bld/pytorch_1712608843393/work/aten/src/ATen/native/cuda/Indexing.cu:1289: indexSelectLargeIndex: block: [14,0,0], thread: [112,0,0] Assertion `srcIndex < srcSelectDimSize` failed.
/opt/conda/conda-bld/pytorch_1712608843393/work/aten/src/ATen/native/cuda/Indexing.cu:1289: indexSelectLargeIndex: block: [14,0,0], thread: [113,0,0] Assertion `srcIndex < srcSelectDimSize` failed.
/opt/conda/conda-bld/pytorch_1712608843393/work/aten/src/ATen/native/cuda/Indexing.cu:1289: indexSelectLargeIndex: block: [14,0,0], thread: [114,0,0] Assertion `srcIndex < srcSelectDimSize` failed.
/opt/conda/conda-bld/pytorch_1712608843393/work/aten/src/ATen/native/cuda/Indexing.cu:1289: indexSelectLargeIndex: block: [14,0,0], thread: [115,0,0] Assertion `srcIndex < srcSelectDimSize` failed.
/opt/conda/conda-bld/pytorch_1712608843393/work/aten/src/ATen/native/cuda/Indexing.cu:1289: indexSelectLargeIndex: block: [14,0,0], thread: [116,0,0] Assertion `srcIndex < srcSelectDimSize` failed.
/opt/conda/conda-bld/pytorch_1712608843393/work/aten/src/ATen/native/cuda/Indexing.cu:1289: indexSelectLargeIndex: block: [14,0,0], thread: [117,0,0] Assertion `srcIndex < srcSelectDimSize` failed.
/opt/conda/conda-bld/pytorch_1712608843393/work/aten/src/ATen/native/cuda/Indexing.cu:1289: indexSelectLargeIndex: block: [14,0,0], thread: [118,0,0] Assertion `srcIndex < srcSelectDimSize` failed.
/opt/conda/conda-bld/pytorch_1712608843393/work/aten/src/ATen/native/cuda/Indexing.cu:1289: indexSelectLargeIndex: block: [14,0,0], thread: [119,0,0] Assertion `srcIndex < srcSelectDimSize` failed.
/opt/conda/conda-bld/pytorch_1712608843393/work/aten/src/ATen/native/cuda/Indexing.cu:1289: indexSelectLargeIndex: block: [14,0,0], thread: [120,0,0] Assertion `srcIndex < srcSelectDimSize` failed.
/opt/conda/conda-bld/pytorch_1712608843393/work/aten/src/ATen/native/cuda/Indexing.cu:1289: indexSelectLargeIndex: block: [14,0,0], thread: [121,0,0] Assertion `srcIndex < srcSelectDimSize` failed.
/opt/conda/conda-bld/pytorch_1712608843393/work/aten/src/ATen/native/cuda/Indexing.cu:1289: indexSelectLargeIndex: block: [14,0,0], thread: [122,0,0] Assertion `srcIndex < srcSelectDimSize` failed.
/opt/conda/conda-bld/pytorch_1712608843393/work/aten/src/ATen/native/cuda/Indexing.cu:1289: indexSelectLargeIndex: block: [14,0,0], thread: [123,0,0] Assertion `srcIndex < srcSelectDimSize` failed.
/opt/conda/conda-bld/pytorch_1712608843393/work/aten/src/ATen/native/cuda/Indexing.cu:1289: indexSelectLargeIndex: block: [14,0,0], thread: [124,0,0] Assertion `srcIndex < srcSelectDimSize` failed.
/opt/conda/conda-bld/pytorch_1712608843393/work/aten/src/ATen/native/cuda/Indexing.cu:1289: indexSelectLargeIndex: block: [14,0,0], thread: [125,0,0] Assertion `srcIndex < srcSelectDimSize` failed.
/opt/conda/conda-bld/pytorch_1712608843393/work/aten/src/ATen/native/cuda/Indexing.cu:1289: indexSelectLargeIndex: block: [14,0,0], thread: [126,0,0] Assertion `srcIndex < srcSelectDimSize` failed.
/opt/conda/conda-bld/pytorch_1712608843393/work/aten/src/ATen/native/cuda/Indexing.cu:1289: indexSelectLargeIndex: block: [14,0,0], thread: [127,0,0] Assertion `srcIndex < srcSelectDimSize` failed.
/opt/conda/conda-bld/pytorch_1712608843393/work/aten/src/ATen/native/cuda/Indexing.cu:1289: indexSelectLargeIndex: block: [147,0,0], thread: [96,0,0] Assertion `srcIndex < srcSelectDimSize` failed.
/opt/conda/conda-bld/pytorch_1712608843393/work/aten/src/ATen/native/cuda/Indexing.cu:1289: indexSelectLargeIndex: block: [147,0,0], thread: [97,0,0] Assertion `srcIndex < srcSelectDimSize` failed.
/opt/conda/conda-bld/pytorch_1712608843393/work/aten/src/ATen/native/cuda/Indexing.cu:1289: indexSelectLargeIndex: block: [147,0,0], thread: [98,0,0] Assertion `srcIndex < srcSelectDimSize` failed.
/opt/conda/conda-bld/pytorch_1712608843393/work/aten/src/ATen/native/cuda/Indexing.cu:1289: indexSelectLargeIndex: block: [147,0,0], thread: [99,0,0] Assertion `srcIndex < srcSelectDimSize` failed.
/opt/conda/conda-bld/pytorch_1712608843393/work/aten/src/ATen/native/cuda/Indexing.cu:1289: indexSelectLargeIndex: block: [147,0,0], thread: [100,0,0] Assertion `srcIndex < srcSelectDimSize` failed.
/opt/conda/conda-bld/pytorch_1712608843393/work/aten/src/ATen/native/cuda/Indexing.cu:1289: indexSelectLargeIndex: block: [147,0,0], thread: [101,0,0] Assertion `srcIndex < srcSelectDimSize` failed.
/opt/conda/conda-bld/pytorch_1712608843393/work/aten/src/ATen/native/cuda/Indexing.cu:1289: indexSelectLargeIndex: block: [147,0,0], thread: [102,0,0] Assertion `srcIndex < srcSelectDimSize` failed.
/opt/conda/conda-bld/pytorch_1712608843393/work/aten/src/ATen/native/cuda/Indexing.cu:1289: indexSelectLargeIndex: block: [147,0,0], thread: [103,0,0] Assertion `srcIndex < srcSelectDimSize` failed.
/opt/conda/conda-bld/pytorch_1712608843393/work/aten/src/ATen/native/cuda/Indexing.cu:1289: indexSelectLargeIndex: block: [147,0,0], thread: [104,0,0] Assertion `srcIndex < srcSelectDimSize` failed.
/opt/conda/conda-bld/pytorch_1712608843393/work/aten/src/ATen/native/cuda/Indexing.cu:1289: indexSelectLargeIndex: block: [147,0,0], thread: [105,0,0] Assertion `srcIndex < srcSelectDimSize` failed.
/opt/conda/conda-bld/pytorch_1712608843393/work/aten/src/ATen/native/cuda/Indexing.cu:1289: indexSelectLargeIndex: block: [147,0,0], thread: [106,0,0] Assertion `srcIndex < srcSelectDimSize` failed.
/opt/conda/conda-bld/pytorch_1712608843393/work/aten/src/ATen/native/cuda/Indexing.cu:1289: indexSelectLargeIndex: block: [147,0,0], thread: [107,0,0] Assertion `srcIndex < srcSelectDimSize` failed.
/opt/conda/conda-bld/pytorch_1712608843393/work/aten/src/ATen/native/cuda/Indexing.cu:1289: indexSelectLargeIndex: block: [147,0,0], thread: [108,0,0] Assertion `srcIndex < srcSelectDimSize` failed.
/opt/conda/conda-bld/pytorch_1712608843393/work/aten/src/ATen/native/cuda/Indexing.cu:1289: indexSelectLargeIndex: block: [147,0,0], thread: [109,0,0] Assertion `srcIndex < srcSelectDimSize` failed.
/opt/conda/conda-bld/pytorch_1712608843393/work/aten/src/ATen/native/cuda/Indexing.cu:1289: indexSelectLargeIndex: block: [147,0,0], thread: [110,0,0] Assertion `srcIndex < srcSelectDimSize` failed.
/opt/conda/conda-bld/pytorch_1712608843393/work/aten/src/ATen/native/cuda/Indexing.cu:1289: indexSelectLargeIndex: block: [147,0,0], thread: [111,0,0] Assertion `srcIndex < srcSelectDimSize` failed.
/opt/conda/conda-bld/pytorch_1712608843393/work/aten/src/ATen/native/cuda/Indexing.cu:1289: indexSelectLargeIndex: block: [147,0,0], thread: [112,0,0] Assertion `srcIndex < srcSelectDimSize` failed.
/opt/conda/conda-bld/pytorch_1712608843393/work/aten/src/ATen/native/cuda/Indexing.cu:1289: indexSelectLargeIndex: block: [147,0,0], thread: [113,0,0] Assertion `srcIndex < srcSelectDimSize` failed.
/opt/conda/conda-bld/pytorch_1712608843393/work/aten/src/ATen/native/cuda/Indexing.cu:1289: indexSelectLargeIndex: block: [147,0,0], thread: [114,0,0] Assertion `srcIndex < srcSelectDimSize` failed.
/opt/conda/conda-bld/pytorch_1712608843393/work/aten/src/ATen/native/cuda/Indexing.cu:1289: indexSelectLargeIndex: block: [147,0,0], thread: [115,0,0] Assertion `srcIndex < srcSelectDimSize` failed.
/opt/conda/conda-bld/pytorch_1712608843393/work/aten/src/ATen/native/cuda/Indexing.cu:1289: indexSelectLargeIndex: block: [147,0,0], thread: [116,0,0] Assertion `srcIndex < srcSelectDimSize` failed.
/opt/conda/conda-bld/pytorch_1712608843393/work/aten/src/ATen/native/cuda/Indexing.cu:1289: indexSelectLargeIndex: block: [147,0,0], thread: [117,0,0] Assertion `srcIndex < srcSelectDimSize` failed.
/opt/conda/conda-bld/pytorch_1712608843393/work/aten/src/ATen/native/cuda/Indexing.cu:1289: indexSelectLargeIndex: block: [147,0,0], thread: [118,0,0] Assertion `srcIndex < srcSelectDimSize` failed.
/opt/conda/conda-bld/pytorch_1712608843393/work/aten/src/ATen/native/cuda/Indexing.cu:1289: indexSelectLargeIndex: block: [147,0,0], thread: [119,0,0] Assertion `srcIndex < srcSelectDimSize` failed.
/opt/conda/conda-bld/pytorch_1712608843393/work/aten/src/ATen/native/cuda/Indexing.cu:1289: indexSelectLargeIndex: block: [147,0,0], thread: [120,0,0] Assertion `srcIndex < srcSelectDimSize` failed.
/opt/conda/conda-bld/pytorch_1712608843393/work/aten/src/ATen/native/cuda/Indexing.cu:1289: indexSelectLargeIndex: block: [147,0,0], thread: [121,0,0] Assertion `srcIndex < srcSelectDimSize` failed.
/opt/conda/conda-bld/pytorch_1712608843393/work/aten/src/ATen/native/cuda/Indexing.cu:1289: indexSelectLargeIndex: block: [147,0,0], thread: [122,0,0] Assertion `srcIndex < srcSelectDimSize` failed.
/opt/conda/conda-bld/pytorch_1712608843393/work/aten/src/ATen/native/cuda/Indexing.cu:1289: indexSelectLargeIndex: block: [147,0,0], thread: [123,0,0] Assertion `srcIndex < srcSelectDimSize` failed.
/opt/conda/conda-bld/pytorch_1712608843393/work/aten/src/ATen/native/cuda/Indexing.cu:1289: indexSelectLargeIndex: block: [147,0,0], thread: [124,0,0] Assertion `srcIndex < srcSelectDimSize` failed.
/opt/conda/conda-bld/pytorch_1712608843393/work/aten/src/ATen/native/cuda/Indexing.cu:1289: indexSelectLargeIndex: block: [147,0,0], thread: [125,0,0] Assertion `srcIndex < srcSelectDimSize` failed.
/opt/conda/conda-bld/pytorch_1712608843393/work/aten/src/ATen/native/cuda/Indexing.cu:1289: indexSelectLargeIndex: block: [147,0,0], thread: [126,0,0] Assertion `srcIndex < srcSelectDimSize` failed.
/opt/conda/conda-bld/pytorch_1712608843393/work/aten/src/ATen/native/cuda/Indexing.cu:1289: indexSelectLargeIndex: block: [147,0,0], thread: [127,0,0] Assertion `srcIndex < srcSelectDimSize` failed.
  0%|                                           | 0/1 [00:01<?, ?it/s]
dl torch.Size([761])
dl type <class 'torch.Tensor'>
dldtype torch.int64
dl device cuda:0
x device cuda:0
dl_emb device cuda:0
Z torch.Size([761, 32])
Z type <class 'torch.Tensor'>
zdtype torch.float32
dl_emb torch.Size([761, 32])
dl_emb type <class 'torch.Tensor'>
d_emb type torch.float32
x torch.Size([761, 32])
x type <class 'torch.Tensor'>
xdtype torch.float32
Traceback (most recent call last):
  File "seal_link_pred.py", line 1323, in <module>
    loss = train()
  File "seal_link_pred.py", line 511, in train
    logits = model(data.z, data.edge_index, data.batch, dl, x, edge_weight, node_id)
  File "/grphome/grp_supplychainai/.conda/envs/sealenv/lib/python3.8/site-packages/torch/nn/modules/module.py", line 1532, in _wrapped_call_impl
    return self._call_impl(*args, **kwargs)
  File "/grphome/grp_supplychainai/.conda/envs/sealenv/lib/python3.8/site-packages/torch/nn/modules/module.py", line 1541, in _call_impl
    return forward_call(*args, **kwargs)
  File "/grphome/grp_supplychainai/SEAL_OGB/models.py", line 230, in forward
    x = torch.cat([dl_emb, x.to(torch.float)], 1)
RuntimeError: CUDA error: device-side assert triggered
CUDA kernel errors might be asynchronously reported at some other API call, so the stacktrace below might be incorrect.
For debugging consider passing CUDA_LAUNCH_BLOCKING=1.
Compile with `TORCH_USE_CUDA_DSA` to enable device-side assertions.

